
Wed Jun 19 08:27:18 2024
 INFO: request:GET / HTTP/1.1**Host: localhost:8181**Connection: keep-alive**sec-ch-ua: "Not/A)Brand";v="8", "Chromium";v="126", "Microsoft Edge";v="126"**sec-ch-ua-mobile: ?0**sec-ch-ua-platform: "Windows"**Upgrade-Insecure-Requests: 1**User-Agent: Mozilla/5.0 (Windows NT 10.0; Win64; x64) AppleWebKit/537.36 (KHTML, like Gecko) Chrome/126.0.0.0 Safari/537.36 Edg/126.0.0.0**Accept: text/html,application/xhtml+xml,application/xml;q=0.9,image/avif,image/webp,image/apng,*/*;q=0.8,application/signed-exchange;v=b3;q=0.7**Sec-Fetch-Site: none**Sec-Fetch-Mode: navigate**Sec-Fetch-User: ?1**Sec-Fetch-Dest: document**Accept-Encoding: gzip, deflate, br, zstd**Accept-Language: zh-CN,zh;q=0.9,en;q=0.8,en-GB;q=0.7,en-US;q=0.6****:2
Wed Jun 19 08:27:18 2024
 INFO: SEND:index.html:2
Wed Jun 19 08:27:18 2024
 INFO: Header:HTTP/1.1 200 OK
Server: nweb/23.0
Content-Length: 303
Connection: close
Content-Type: text/html

:2
Wed Jun 19 08:27:18 2024
 INFO: request:GET /pic.jpg HTTP/1.1**Host: localhost:8181**Connection: keep-alive**sec-ch-ua: "Not/A)Brand";v="8", "Chromium";v="126", "Microsoft Edge";v="126"**sec-ch-ua-mobile: ?0**User-Agent: Mozilla/5.0 (Windows NT 10.0; Win64; x64) AppleWebKit/537.36 (KHTML, like Gecko) Chrome/126.0.0.0 Safari/537.36 Edg/126.0.0.0**sec-ch-ua-platform: "Windows"**Accept: image/avif,image/webp,image/apng,image/svg+xml,image/*,*/*;q=0.8**Sec-Fetch-Site: same-origin**Sec-Fetch-Mode: no-cors**Sec-Fetch-Dest: image**Referer: http://localhost:8181/**Accept-Encoding: gzip, deflate, br, zstd**Accept-Language: zh-CN,zh;q=0.9,en;q=0.8,en-GB;q=0.7,en-US;q=0.6****:1
Wed Jun 19 08:27:18 2024
 INFO: SEND:pic.jpg:1
Wed Jun 19 08:27:18 2024
 INFO: Header:HTTP/1.1 200 OK
Server: nweb/23.0
Content-Length: 234411
Connection: close
Content-Type: image/jpg

:1
Wed Jun 19 08:27:18 2024
 INFO: request:GET /favicon.ico HTTP/1.1**Host: localhost:8181**Connection: keep-alive**sec-ch-ua: "Not/A)Brand";v="8", "Chromium";v="126", "Microsoft Edge";v="126"**sec-ch-ua-mobile: ?0**User-Agent: Mozilla/5.0 (Windows NT 10.0; Win64; x64) AppleWebKit/537.36 (KHTML, like Gecko) Chrome/126.0.0.0 Safari/537.36 Edg/126.0.0.0**sec-ch-ua-platform: "Windows"**Accept: image/avif,image/webp,image/apng,image/svg+xml,image/*,*/*;q=0.8**Sec-Fetch-Site: same-origin**Sec-Fetch-Mode: no-cors**Sec-Fetch-Dest: image**Referer: http://localhost:8181/**Accept-Encoding: gzip, deflate, br, zstd**Accept-Language: zh-CN,zh;q=0.9,en;q=0.8,en-GB;q=0.7,en-US;q=0.6****:3
Wed Jun 19 08:27:18 2024
 INFO: SEND:favicon.ico:3
Wed Jun 19 08:27:18 2024
 INFO: Header:HTTP/1.1 200 OK
Server: nweb/23.0
Content-Length: 67646
Connection: close
Content-Type: image/ico

:3
Wed Jun 19 08:27:19 2024
 INFO: request:GET / HTTP/1.1**Host: localhost:8181**Connection: keep-alive**Cache-Control: max-age=0**sec-ch-ua: "Not/A)Brand";v="8", "Chromium";v="126", "Microsoft Edge";v="126"**sec-ch-ua-mobile: ?0**sec-ch-ua-platform: "Windows"**Upgrade-Insecure-Requests: 1**User-Agent: Mozilla/5.0 (Windows NT 10.0; Win64; x64) AppleWebKit/537.36 (KHTML, like Gecko) Chrome/126.0.0.0 Safari/537.36 Edg/126.0.0.0**Accept: text/html,application/xhtml+xml,application/xml;q=0.9,image/avif,image/webp,image/apng,*/*;q=0.8,application/signed-exchange;v=b3;q=0.7**Sec-Fetch-Site: none**Sec-Fetch-Mode: navigate**Sec-Fetch-User: ?1**Sec-Fetch-Dest: document**Accept-Encoding: gzip, deflate, br, zstd**Accept-Language: zh-CN,zh;q=0.9,en;q=0.8,en-GB;q=0.7,en-US;q=0.6****:4
Wed Jun 19 08:27:19 2024
 INFO: SEND:index.html:4
Wed Jun 19 08:27:19 2024
 INFO: Header:HTTP/1.1 200 OK
Server: nweb/23.0
Content-Length: 303
Connection: close
Content-Type: text/html

:4
Wed Jun 19 08:27:19 2024
 INFO: request:GET /pic.jpg HTTP/1.1**Host: localhost:8181**Connection: keep-alive**sec-ch-ua: "Not/A)Brand";v="8", "Chromium";v="126", "Microsoft Edge";v="126"**sec-ch-ua-mobile: ?0**User-Agent: Mozilla/5.0 (Windows NT 10.0; Win64; x64) AppleWebKit/537.36 (KHTML, like Gecko) Chrome/126.0.0.0 Safari/537.36 Edg/126.0.0.0**sec-ch-ua-platform: "Windows"**Accept: image/avif,image/webp,image/apng,image/svg+xml,image/*,*/*;q=0.8**Sec-Fetch-Site: same-origin**Sec-Fetch-Mode: no-cors**Sec-Fetch-Dest: image**Referer: http://localhost:8181/**Accept-Encoding: gzip, deflate, br, zstd**Accept-Language: zh-CN,zh;q=0.9,en;q=0.8,en-GB;q=0.7,en-US;q=0.6****:5
Wed Jun 19 08:27:19 2024
 INFO: SEND:pic.jpg:5
Wed Jun 19 08:27:19 2024
 INFO: Header:HTTP/1.1 200 OK
Server: nweb/23.0
Content-Length: 234411
Connection: close
Content-Type: image/jpg

:5
Wed Jun 19 08:27:20 2024
 INFO: request:GET /favicon.ico HTTP/1.1**Host: localhost:8181**Connection: keep-alive**sec-ch-ua: "Not/A)Brand";v="8", "Chromium";v="126", "Microsoft Edge";v="126"**sec-ch-ua-mobile: ?0**User-Agent: Mozilla/5.0 (Windows NT 10.0; Win64; x64) AppleWebKit/537.36 (KHTML, like Gecko) Chrome/126.0.0.0 Safari/537.36 Edg/126.0.0.0**sec-ch-ua-platform: "Windows"**Accept: image/avif,image/webp,image/apng,image/svg+xml,image/*,*/*;q=0.8**Sec-Fetch-Site: same-origin**Sec-Fetch-Mode: no-cors**Sec-Fetch-Dest: image**Referer: http://localhost:8181/**Accept-Encoding: gzip, deflate, br, zstd**Accept-Language: zh-CN,zh;q=0.9,en;q=0.8,en-GB;q=0.7,en-US;q=0.6****:6
Wed Jun 19 08:27:20 2024
 INFO: SEND:favicon.ico:6
Wed Jun 19 08:27:20 2024
 INFO: Header:HTTP/1.1 200 OK
Server: nweb/23.0
Content-Length: 67646
Connection: close
Content-Type: image/ico

:6
Wed Jun 19 08:27:20 2024
 INFO: request:GET / HTTP/1.1**Host: localhost:8181**Connection: keep-alive**Cache-Control: max-age=0**sec-ch-ua: "Not/A)Brand";v="8", "Chromium";v="126", "Microsoft Edge";v="126"**sec-ch-ua-mobile: ?0**sec-ch-ua-platform: "Windows"**Upgrade-Insecure-Requests: 1**User-Agent: Mozilla/5.0 (Windows NT 10.0; Win64; x64) AppleWebKit/537.36 (KHTML, like Gecko) Chrome/126.0.0.0 Safari/537.36 Edg/126.0.0.0**Accept: text/html,application/xhtml+xml,application/xml;q=0.9,image/avif,image/webp,image/apng,*/*;q=0.8,application/signed-exchange;v=b3;q=0.7**Sec-Fetch-Site: none**Sec-Fetch-Mode: navigate**Sec-Fetch-User: ?1**Sec-Fetch-Dest: document**Accept-Encoding: gzip, deflate, br, zstd**Accept-Language: zh-CN,zh;q=0.9,en;q=0.8,en-GB;q=0.7,en-US;q=0.6****:7
Wed Jun 19 08:27:20 2024
 INFO: SEND:index.html:7
Wed Jun 19 08:27:20 2024
 INFO: Header:HTTP/1.1 200 OK
Server: nweb/23.0
Content-Length: 303
Connection: close
Content-Type: text/html

:7
Wed Jun 19 08:27:20 2024
 INFO: request:GET /pic.jpg HTTP/1.1**Host: localhost:8181**Connection: keep-alive**sec-ch-ua: "Not/A)Brand";v="8", "Chromium";v="126", "Microsoft Edge";v="126"**sec-ch-ua-mobile: ?0**User-Agent: Mozilla/5.0 (Windows NT 10.0; Win64; x64) AppleWebKit/537.36 (KHTML, like Gecko) Chrome/126.0.0.0 Safari/537.36 Edg/126.0.0.0**sec-ch-ua-platform: "Windows"**Accept: image/avif,image/webp,image/apng,image/svg+xml,image/*,*/*;q=0.8**Sec-Fetch-Site: same-origin**Sec-Fetch-Mode: no-cors**Sec-Fetch-Dest: image**Referer: http://localhost:8181/**Accept-Encoding: gzip, deflate, br, zstd**Accept-Language: zh-CN,zh;q=0.9,en;q=0.8,en-GB;q=0.7,en-US;q=0.6****:8
Wed Jun 19 08:27:20 2024
 INFO: SEND:pic.jpg:8
Wed Jun 19 08:27:20 2024
 INFO: Header:HTTP/1.1 200 OK
Server: nweb/23.0
Content-Length: 234411
Connection: close
Content-Type: image/jpg

:8
Wed Jun 19 08:27:20 2024
 INFO: request:GET / HTTP/1.1**Host: localhost:8181**Connection: keep-alive**Cache-Control: max-age=0**sec-ch-ua: "Not/A)Brand";v="8", "Chromium";v="126", "Microsoft Edge";v="126"**sec-ch-ua-mobile: ?0**sec-ch-ua-platform: "Windows"**Upgrade-Insecure-Requests: 1**User-Agent: Mozilla/5.0 (Windows NT 10.0; Win64; x64) AppleWebKit/537.36 (KHTML, like Gecko) Chrome/126.0.0.0 Safari/537.36 Edg/126.0.0.0**Accept: text/html,application/xhtml+xml,application/xml;q=0.9,image/avif,image/webp,image/apng,*/*;q=0.8,application/signed-exchange;v=b3;q=0.7**Sec-Fetch-Site: none**Sec-Fetch-Mode: navigate**Sec-Fetch-User: ?1**Sec-Fetch-Dest: document**Accept-Encoding: gzip, deflate, br, zstd**Accept-Language: zh-CN,zh;q=0.9,en;q=0.8,en-GB;q=0.7,en-US;q=0.6****:9
Wed Jun 19 08:27:20 2024
 INFO: SEND:index.html:9
Wed Jun 19 08:27:20 2024
 INFO: Header:HTTP/1.1 200 OK
Server: nweb/23.0
Content-Length: 303
Connection: close
Content-Type: text/html

:9
Wed Jun 19 08:27:20 2024
 INFO: request:GET /pic.jpg HTTP/1.1**Host: localhost:8181**Connection: keep-alive**sec-ch-ua: "Not/A)Brand";v="8", "Chromium";v="126", "Microsoft Edge";v="126"**sec-ch-ua-mobile: ?0**User-Agent: Mozilla/5.0 (Windows NT 10.0; Win64; x64) AppleWebKit/537.36 (KHTML, like Gecko) Chrome/126.0.0.0 Safari/537.36 Edg/126.0.0.0**sec-ch-ua-platform: "Windows"**Accept: image/avif,image/webp,image/apng,image/svg+xml,image/*,*/*;q=0.8**Sec-Fetch-Site: same-origin**Sec-Fetch-Mode: no-cors**Sec-Fetch-Dest: image**Referer: http://localhost:8181/**Accept-Encoding: gzip, deflate, br, zstd**Accept-Language: zh-CN,zh;q=0.9,en;q=0.8,en-GB;q=0.7,en-US;q=0.6****:10
Wed Jun 19 08:27:20 2024
 INFO: SEND:pic.jpg:10
Wed Jun 19 08:27:20 2024
 INFO: Header:HTTP/1.1 200 OK
Server: nweb/23.0
Content-Length: 234411
Connection: close
Content-Type: image/jpg

:10
Wed Jun 19 08:27:21 2024
 INFO: request:GET / HTTP/1.1**Host: localhost:8181**Connection: keep-alive**Cache-Control: max-age=0**sec-ch-ua: "Not/A)Brand";v="8", "Chromium";v="126", "Microsoft Edge";v="126"**sec-ch-ua-mobile: ?0**sec-ch-ua-platform: "Windows"**Upgrade-Insecure-Requests: 1**User-Agent: Mozilla/5.0 (Windows NT 10.0; Win64; x64) AppleWebKit/537.36 (KHTML, like Gecko) Chrome/126.0.0.0 Safari/537.36 Edg/126.0.0.0**Accept: text/html,application/xhtml+xml,application/xml;q=0.9,image/avif,image/webp,image/apng,*/*;q=0.8,application/signed-exchange;v=b3;q=0.7**Sec-Fetch-Site: none**Sec-Fetch-Mode: navigate**Sec-Fetch-User: ?1**Sec-Fetch-Dest: document**Accept-Encoding: gzip, deflate, br, zstd**Accept-Language: zh-CN,zh;q=0.9,en;q=0.8,en-GB;q=0.7,en-US;q=0.6****:11
Wed Jun 19 08:27:21 2024
 INFO: SEND:index.html:11
Wed Jun 19 08:27:21 2024
 INFO: Header:HTTP/1.1 200 OK
Server: nweb/23.0
Content-Length: 303
Connection: close
Content-Type: text/html

:11
Wed Jun 19 08:27:21 2024
 INFO: request:GET /pic.jpg HTTP/1.1**Host: localhost:8181**Connection: keep-alive**sec-ch-ua: "Not/A)Brand";v="8", "Chromium";v="126", "Microsoft Edge";v="126"**sec-ch-ua-mobile: ?0**User-Agent: Mozilla/5.0 (Windows NT 10.0; Win64; x64) AppleWebKit/537.36 (KHTML, like Gecko) Chrome/126.0.0.0 Safari/537.36 Edg/126.0.0.0**sec-ch-ua-platform: "Windows"**Accept: image/avif,image/webp,image/apng,image/svg+xml,image/*,*/*;q=0.8**Sec-Fetch-Site: same-origin**Sec-Fetch-Mode: no-cors**Sec-Fetch-Dest: image**Referer: http://localhost:8181/**Accept-Encoding: gzip, deflate, br, zstd**Accept-Language: zh-CN,zh;q=0.9,en;q=0.8,en-GB;q=0.7,en-US;q=0.6****:12
Wed Jun 19 08:27:21 2024
 INFO: SEND:pic.jpg:12
Wed Jun 19 08:27:21 2024
 INFO: Header:HTTP/1.1 200 OK
Server: nweb/23.0
Content-Length: 234411
Connection: close
Content-Type: image/jpg

:12
Wed Jun 19 08:27:21 2024
 INFO: request:GET / HTTP/1.1**Host: localhost:8181**Connection: keep-alive**Cache-Control: max-age=0**sec-ch-ua: "Not/A)Brand";v="8", "Chromium";v="126", "Microsoft Edge";v="126"**sec-ch-ua-mobile: ?0**sec-ch-ua-platform: "Windows"**Upgrade-Insecure-Requests: 1**User-Agent: Mozilla/5.0 (Windows NT 10.0; Win64; x64) AppleWebKit/537.36 (KHTML, like Gecko) Chrome/126.0.0.0 Safari/537.36 Edg/126.0.0.0**Accept: text/html,application/xhtml+xml,application/xml;q=0.9,image/avif,image/webp,image/apng,*/*;q=0.8,application/signed-exchange;v=b3;q=0.7**Sec-Fetch-Site: none**Sec-Fetch-Mode: navigate**Sec-Fetch-User: ?1**Sec-Fetch-Dest: document**Accept-Encoding: gzip, deflate, br, zstd**Accept-Language: zh-CN,zh;q=0.9,en;q=0.8,en-GB;q=0.7,en-US;q=0.6****:13
Wed Jun 19 08:27:21 2024
 INFO: SEND:index.html:13
Wed Jun 19 08:27:21 2024
 INFO: Header:HTTP/1.1 200 OK
Server: nweb/23.0
Content-Length: 303
Connection: close
Content-Type: text/html

:13
Wed Jun 19 08:27:21 2024
 INFO: request:GET /pic.jpg HTTP/1.1**Host: localhost:8181**Connection: keep-alive**sec-ch-ua: "Not/A)Brand";v="8", "Chromium";v="126", "Microsoft Edge";v="126"**sec-ch-ua-mobile: ?0**User-Agent: Mozilla/5.0 (Windows NT 10.0; Win64; x64) AppleWebKit/537.36 (KHTML, like Gecko) Chrome/126.0.0.0 Safari/537.36 Edg/126.0.0.0**sec-ch-ua-platform: "Windows"**Accept: image/avif,image/webp,image/apng,image/svg+xml,image/*,*/*;q=0.8**Sec-Fetch-Site: same-origin**Sec-Fetch-Mode: no-cors**Sec-Fetch-Dest: image**Referer: http://localhost:8181/**Accept-Encoding: gzip, deflate, br, zstd**Accept-Language: zh-CN,zh;q=0.9,en;q=0.8,en-GB;q=0.7,en-US;q=0.6****:14
Wed Jun 19 08:27:21 2024
 INFO: SEND:pic.jpg:14
Wed Jun 19 08:27:21 2024
 INFO: Header:HTTP/1.1 200 OK
Server: nweb/23.0
Content-Length: 234411
Connection: close
Content-Type: image/jpg

:14
Wed Jun 19 08:27:21 2024
 INFO: request:GET /favicon.ico HTTP/1.1**Host: localhost:8181**Connection: keep-alive**sec-ch-ua: "Not/A)Brand";v="8", "Chromium";v="126", "Microsoft Edge";v="126"**sec-ch-ua-mobile: ?0**User-Agent: Mozilla/5.0 (Windows NT 10.0; Win64; x64) AppleWebKit/537.36 (KHTML, like Gecko) Chrome/126.0.0.0 Safari/537.36 Edg/126.0.0.0**sec-ch-ua-platform: "Windows"**Accept: image/avif,image/webp,image/apng,image/svg+xml,image/*,*/*;q=0.8**Sec-Fetch-Site: same-origin**Sec-Fetch-Mode: no-cors**Sec-Fetch-Dest: image**Referer: http://localhost:8181/**Accept-Encoding: gzip, deflate, br, zstd**Accept-Language: zh-CN,zh;q=0.9,en;q=0.8,en-GB;q=0.7,en-US;q=0.6****:15
Wed Jun 19 08:27:21 2024
 INFO: SEND:favicon.ico:15
Wed Jun 19 08:27:21 2024
 INFO: Header:HTTP/1.1 200 OK
Server: nweb/23.0
Content-Length: 67646
Connection: close
Content-Type: image/ico

:15
Wed Jun 19 08:27:21 2024
 INFO: request:GET / HTTP/1.1**Host: localhost:8181**Connection: keep-alive**Cache-Control: max-age=0**sec-ch-ua: "Not/A)Brand";v="8", "Chromium";v="126", "Microsoft Edge";v="126"**sec-ch-ua-mobile: ?0**sec-ch-ua-platform: "Windows"**Upgrade-Insecure-Requests: 1**User-Agent: Mozilla/5.0 (Windows NT 10.0; Win64; x64) AppleWebKit/537.36 (KHTML, like Gecko) Chrome/126.0.0.0 Safari/537.36 Edg/126.0.0.0**Accept: text/html,application/xhtml+xml,application/xml;q=0.9,image/avif,image/webp,image/apng,*/*;q=0.8,application/signed-exchange;v=b3;q=0.7**Sec-Fetch-Site: none**Sec-Fetch-Mode: navigate**Sec-Fetch-User: ?1**Sec-Fetch-Dest: document**Accept-Encoding: gzip, deflate, br, zstd**Accept-Language: zh-CN,zh;q=0.9,en;q=0.8,en-GB;q=0.7,en-US;q=0.6****:16
Wed Jun 19 08:27:21 2024
 INFO: SEND:index.html:16
Wed Jun 19 08:27:21 2024
 INFO: Header:HTTP/1.1 200 OK
Server: nweb/23.0
Content-Length: 303
Connection: close
Content-Type: text/html

:16
Wed Jun 19 08:27:21 2024
 INFO: request:GET /pic.jpg HTTP/1.1**Host: localhost:8181**Connection: keep-alive**sec-ch-ua: "Not/A)Brand";v="8", "Chromium";v="126", "Microsoft Edge";v="126"**sec-ch-ua-mobile: ?0**User-Agent: Mozilla/5.0 (Windows NT 10.0; Win64; x64) AppleWebKit/537.36 (KHTML, like Gecko) Chrome/126.0.0.0 Safari/537.36 Edg/126.0.0.0**sec-ch-ua-platform: "Windows"**Accept: image/avif,image/webp,image/apng,image/svg+xml,image/*,*/*;q=0.8**Sec-Fetch-Site: same-origin**Sec-Fetch-Mode: no-cors**Sec-Fetch-Dest: image**Referer: http://localhost:8181/**Accept-Encoding: gzip, deflate, br, zstd**Accept-Language: zh-CN,zh;q=0.9,en;q=0.8,en-GB;q=0.7,en-US;q=0.6****:18
Wed Jun 19 08:27:21 2024
 INFO: SEND:pic.jpg:18
Wed Jun 19 08:27:21 2024
 INFO: Header:HTTP/1.1 200 OK
Server: nweb/23.0
Content-Length: 234411
Connection: close
Content-Type: image/jpg

:18
Wed Jun 19 08:27:21 2024
 INFO: request:GET /favicon.ico HTTP/1.1**Host: localhost:8181**Connection: keep-alive**sec-ch-ua: "Not/A)Brand";v="8", "Chromium";v="126", "Microsoft Edge";v="126"**sec-ch-ua-mobile: ?0**User-Agent: Mozilla/5.0 (Windows NT 10.0; Win64; x64) AppleWebKit/537.36 (KHTML, like Gecko) Chrome/126.0.0.0 Safari/537.36 Edg/126.0.0.0**sec-ch-ua-platform: "Windows"**Accept: image/avif,image/webp,image/apng,image/svg+xml,image/*,*/*;q=0.8**Sec-Fetch-Site: same-origin**Sec-Fetch-Mode: no-cors**Sec-Fetch-Dest: image**Referer: http://localhost:8181/**Accept-Encoding: gzip, deflate, br, zstd**Accept-Language: zh-CN,zh;q=0.9,en;q=0.8,en-GB;q=0.7,en-US;q=0.6****:17
Wed Jun 19 08:27:21 2024
 INFO: SEND:favicon.ico:17
Wed Jun 19 08:27:21 2024
 INFO: Header:HTTP/1.1 200 OK
Server: nweb/23.0
Content-Length: 67646
Connection: close
Content-Type: image/ico

:17
Wed Jun 19 08:27:21 2024
 INFO: request:GET / HTTP/1.1**Host: localhost:8181**Connection: keep-alive**Cache-Control: max-age=0**sec-ch-ua: "Not/A)Brand";v="8", "Chromium";v="126", "Microsoft Edge";v="126"**sec-ch-ua-mobile: ?0**sec-ch-ua-platform: "Windows"**Upgrade-Insecure-Requests: 1**User-Agent: Mozilla/5.0 (Windows NT 10.0; Win64; x64) AppleWebKit/537.36 (KHTML, like Gecko) Chrome/126.0.0.0 Safari/537.36 Edg/126.0.0.0**Accept: text/html,application/xhtml+xml,application/xml;q=0.9,image/avif,image/webp,image/apng,*/*;q=0.8,application/signed-exchange;v=b3;q=0.7**Sec-Fetch-Site: none**Sec-Fetch-Mode: navigate**Sec-Fetch-User: ?1**Sec-Fetch-Dest: document**Accept-Encoding: gzip, deflate, br, zstd**Accept-Language: zh-CN,zh;q=0.9,en;q=0.8,en-GB;q=0.7,en-US;q=0.6****:19
Wed Jun 19 08:27:21 2024
 INFO: SEND:index.html:19
Wed Jun 19 08:27:21 2024
 INFO: Header:HTTP/1.1 200 OK
Server: nweb/23.0
Content-Length: 303
Connection: close
Content-Type: text/html

:19
Wed Jun 19 08:27:21 2024
 INFO: request:GET /pic.jpg HTTP/1.1**Host: localhost:8181**Connection: keep-alive**sec-ch-ua: "Not/A)Brand";v="8", "Chromium";v="126", "Microsoft Edge";v="126"**sec-ch-ua-mobile: ?0**User-Agent: Mozilla/5.0 (Windows NT 10.0; Win64; x64) AppleWebKit/537.36 (KHTML, like Gecko) Chrome/126.0.0.0 Safari/537.36 Edg/126.0.0.0**sec-ch-ua-platform: "Windows"**Accept: image/avif,image/webp,image/apng,image/svg+xml,image/*,*/*;q=0.8**Sec-Fetch-Site: same-origin**Sec-Fetch-Mode: no-cors**Sec-Fetch-Dest: image**Referer: http://localhost:8181/**Accept-Encoding: gzip, deflate, br, zstd**Accept-Language: zh-CN,zh;q=0.9,en;q=0.8,en-GB;q=0.7,en-US;q=0.6****:20
Wed Jun 19 08:27:21 2024
 INFO: SEND:pic.jpg:20
Wed Jun 19 08:27:21 2024
 INFO: Header:HTTP/1.1 200 OK
Server: nweb/23.0
Content-Length: 234411
Connection: close
Content-Type: image/jpg

:20
Wed Jun 19 08:27:21 2024
 INFO: request:GET / HTTP/1.1**Host: localhost:8181**Connection: keep-alive**Cache-Control: max-age=0**sec-ch-ua: "Not/A)Brand";v="8", "Chromium";v="126", "Microsoft Edge";v="126"**sec-ch-ua-mobile: ?0**sec-ch-ua-platform: "Windows"**Upgrade-Insecure-Requests: 1**User-Agent: Mozilla/5.0 (Windows NT 10.0; Win64; x64) AppleWebKit/537.36 (KHTML, like Gecko) Chrome/126.0.0.0 Safari/537.36 Edg/126.0.0.0**Accept: text/html,application/xhtml+xml,application/xml;q=0.9,image/avif,image/webp,image/apng,*/*;q=0.8,application/signed-exchange;v=b3;q=0.7**Sec-Fetch-Site: none**Sec-Fetch-Mode: navigate**Sec-Fetch-User: ?1**Sec-Fetch-Dest: document**Accept-Encoding: gzip, deflate, br, zstd**Accept-Language: zh-CN,zh;q=0.9,en;q=0.8,en-GB;q=0.7,en-US;q=0.6****:21
Wed Jun 19 08:27:21 2024
 INFO: SEND:index.html:21
Wed Jun 19 08:27:21 2024
 INFO: Header:HTTP/1.1 200 OK
Server: nweb/23.0
Content-Length: 303
Connection: close
Content-Type: text/html

:21
Wed Jun 19 08:27:21 2024
 INFO: request:GET / HTTP/1.1**Host: localhost:8181**Connection: keep-alive**Cache-Control: max-age=0**sec-ch-ua: "Not/A)Brand";v="8", "Chromium";v="126", "Microsoft Edge";v="126"**sec-ch-ua-mobile: ?0**sec-ch-ua-platform: "Windows"**Upgrade-Insecure-Requests: 1**User-Agent: Mozilla/5.0 (Windows NT 10.0; Win64; x64) AppleWebKit/537.36 (KHTML, like Gecko) Chrome/126.0.0.0 Safari/537.36 Edg/126.0.0.0**Accept: text/html,application/xhtml+xml,application/xml;q=0.9,image/avif,image/webp,image/apng,*/*;q=0.8,application/signed-exchange;v=b3;q=0.7**Sec-Fetch-Site: none**Sec-Fetch-Mode: navigate**Sec-Fetch-User: ?1**Sec-Fetch-Dest: document**Accept-Encoding: gzip, deflate, br, zstd**Accept-Language: zh-CN,zh;q=0.9,en;q=0.8,en-GB;q=0.7,en-US;q=0.6****:22
Wed Jun 19 08:27:21 2024
 INFO: SEND:index.html:22
Wed Jun 19 08:27:21 2024
 INFO: Header:HTTP/1.1 200 OK
Server: nweb/23.0
Content-Length: 303
Connection: close
Content-Type: text/html

:22
Wed Jun 19 08:27:21 2024
 INFO: request:GET /pic.jpg HTTP/1.1**Host: localhost:8181**Connection: keep-alive**sec-ch-ua: "Not/A)Brand";v="8", "Chromium";v="126", "Microsoft Edge";v="126"**sec-ch-ua-mobile: ?0**User-Agent: Mozilla/5.0 (Windows NT 10.0; Win64; x64) AppleWebKit/537.36 (KHTML, like Gecko) Chrome/126.0.0.0 Safari/537.36 Edg/126.0.0.0**sec-ch-ua-platform: "Windows"**Accept: image/avif,image/webp,image/apng,image/svg+xml,image/*,*/*;q=0.8**Sec-Fetch-Site: same-origin**Sec-Fetch-Mode: no-cors**Sec-Fetch-Dest: image**Referer: http://localhost:8181/**Accept-Encoding: gzip, deflate, br, zstd**Accept-Language: zh-CN,zh;q=0.9,en;q=0.8,en-GB;q=0.7,en-US;q=0.6****:23
Wed Jun 19 08:27:21 2024
 INFO: SEND:pic.jpg:23
Wed Jun 19 08:27:21 2024
 INFO: Header:HTTP/1.1 200 OK
Server: nweb/23.0
Content-Length: 234411
Connection: close
Content-Type: image/jpg

:23
Wed Jun 19 08:27:22 2024
 INFO: request:GET /favicon.ico HTTP/1.1**Host: localhost:8181**Connection: keep-alive**sec-ch-ua: "Not/A)Brand";v="8", "Chromium";v="126", "Microsoft Edge";v="126"**sec-ch-ua-mobile: ?0**User-Agent: Mozilla/5.0 (Windows NT 10.0; Win64; x64) AppleWebKit/537.36 (KHTML, like Gecko) Chrome/126.0.0.0 Safari/537.36 Edg/126.0.0.0**sec-ch-ua-platform: "Windows"**Accept: image/avif,image/webp,image/apng,image/svg+xml,image/*,*/*;q=0.8**Sec-Fetch-Site: same-origin**Sec-Fetch-Mode: no-cors**Sec-Fetch-Dest: image**Referer: http://localhost:8181/**Accept-Encoding: gzip, deflate, br, zstd**Accept-Language: zh-CN,zh;q=0.9,en;q=0.8,en-GB;q=0.7,en-US;q=0.6****:24
Wed Jun 19 08:27:22 2024
 INFO: SEND:favicon.ico:24
Wed Jun 19 08:27:22 2024
 INFO: Header:HTTP/1.1 200 OK
Server: nweb/23.0
Content-Length: 67646
Connection: close
Content-Type: image/ico

:24
Wed Jun 19 08:27:22 2024
 INFO: request:GET / HTTP/1.1**Host: localhost:8181**Connection: keep-alive**Cache-Control: max-age=0**sec-ch-ua: "Not/A)Brand";v="8", "Chromium";v="126", "Microsoft Edge";v="126"**sec-ch-ua-mobile: ?0**sec-ch-ua-platform: "Windows"**Upgrade-Insecure-Requests: 1**User-Agent: Mozilla/5.0 (Windows NT 10.0; Win64; x64) AppleWebKit/537.36 (KHTML, like Gecko) Chrome/126.0.0.0 Safari/537.36 Edg/126.0.0.0**Accept: text/html,application/xhtml+xml,application/xml;q=0.9,image/avif,image/webp,image/apng,*/*;q=0.8,application/signed-exchange;v=b3;q=0.7**Sec-Fetch-Site: none**Sec-Fetch-Mode: navigate**Sec-Fetch-User: ?1**Sec-Fetch-Dest: document**Accept-Encoding: gzip, deflate, br, zstd**Accept-Language: zh-CN,zh;q=0.9,en;q=0.8,en-GB;q=0.7,en-US;q=0.6****:25
Wed Jun 19 08:27:22 2024
 INFO: SEND:index.html:25
Wed Jun 19 08:27:22 2024
 INFO: Header:HTTP/1.1 200 OK
Server: nweb/23.0
Content-Length: 303
Connection: close
Content-Type: text/html

:25
Wed Jun 19 08:27:22 2024
 INFO: request:GET /pic.jpg HTTP/1.1**Host: localhost:8181**Connection: keep-alive**sec-ch-ua: "Not/A)Brand";v="8", "Chromium";v="126", "Microsoft Edge";v="126"**sec-ch-ua-mobile: ?0**User-Agent: Mozilla/5.0 (Windows NT 10.0; Win64; x64) AppleWebKit/537.36 (KHTML, like Gecko) Chrome/126.0.0.0 Safari/537.36 Edg/126.0.0.0**sec-ch-ua-platform: "Windows"**Accept: image/avif,image/webp,image/apng,image/svg+xml,image/*,*/*;q=0.8**Sec-Fetch-Site: same-origin**Sec-Fetch-Mode: no-cors**Sec-Fetch-Dest: image**Referer: http://localhost:8181/**Accept-Encoding: gzip, deflate, br, zstd**Accept-Language: zh-CN,zh;q=0.9,en;q=0.8,en-GB;q=0.7,en-US;q=0.6****:26
Wed Jun 19 08:27:22 2024
 INFO: SEND:pic.jpg:26
Wed Jun 19 08:27:22 2024
 INFO: Header:HTTP/1.1 200 OK
Server: nweb/23.0
Content-Length: 234411
Connection: close
Content-Type: image/jpg

:26
Wed Jun 19 08:28:35 2024
 FORBIDDEN: failed to read browser request:
Wed Jun 19 08:28:35 2024
 FORBIDDEN: failed to read browser request:
Thu Jun 20 20:55:14 2024
 INFO: request:GET / HTTP/1.1**Host: localhost:8181**Connection: keep-alive**sec-ch-ua: "Not/A)Brand";v="8", "Chromium";v="126", "Microsoft Edge";v="126"**sec-ch-ua-mobile: ?0**sec-ch-ua-platform: "Windows"**Upgrade-Insecure-Requests: 1**User-Agent: Mozilla/5.0 (Windows NT 10.0; Win64; x64) AppleWebKit/537.36 (KHTML, like Gecko) Chrome/126.0.0.0 Safari/537.36 Edg/126.0.0.0**Accept: text/html,application/xhtml+xml,application/xml;q=0.9,image/avif,image/webp,image/apng,*/*;q=0.8,application/signed-exchange;v=b3;q=0.7**Sec-Fetch-Site: none**Sec-Fetch-Mode: navigate**Sec-Fetch-User: ?1**Sec-Fetch-Dest: document**Accept-Encoding: gzip, deflate, br, zstd**Accept-Language: zh-CN,zh;q=0.9,en;q=0.8,en-GB;q=0.7,en-US;q=0.6****:1
Thu Jun 20 20:55:14 2024
 INFO: SEND:index.html:1
Thu Jun 20 20:55:14 2024
 INFO: Header:HTTP/1.1 200 OK
Server: nweb/23.0
Content-Length: 303
Connection: close
Content-Type: text/html

:1
Thu Jun 20 20:55:14 2024
 INFO: request:GET /pic.jpg HTTP/1.1**Host: localhost:8181**Connection: keep-alive**sec-ch-ua: "Not/A)Brand";v="8", "Chromium";v="126", "Microsoft Edge";v="126"**sec-ch-ua-mobile: ?0**User-Agent: Mozilla/5.0 (Windows NT 10.0; Win64; x64) AppleWebKit/537.36 (KHTML, like Gecko) Chrome/126.0.0.0 Safari/537.36 Edg/126.0.0.0**sec-ch-ua-platform: "Windows"**Accept: image/avif,image/webp,image/apng,image/svg+xml,image/*,*/*;q=0.8**Sec-Fetch-Site: same-origin**Sec-Fetch-Mode: no-cors**Sec-Fetch-Dest: image**Referer: http://localhost:8181/**Accept-Encoding: gzip, deflate, br, zstd**Accept-Language: zh-CN,zh;q=0.9,en;q=0.8,en-GB;q=0.7,en-US;q=0.6****:2
Thu Jun 20 20:55:14 2024
 INFO: SEND:pic.jpg:2
Thu Jun 20 20:55:14 2024
 INFO: Header:HTTP/1.1 200 OK
Server: nweb/23.0
Content-Length: 234411
Connection: close
Content-Type: image/jpg

:2
Thu Jun 20 20:55:14 2024
 INFO: request:GET /favicon.ico HTTP/1.1**Host: localhost:8181**Connection: keep-alive**sec-ch-ua: "Not/A)Brand";v="8", "Chromium";v="126", "Microsoft Edge";v="126"**sec-ch-ua-mobile: ?0**User-Agent: Mozilla/5.0 (Windows NT 10.0; Win64; x64) AppleWebKit/537.36 (KHTML, like Gecko) Chrome/126.0.0.0 Safari/537.36 Edg/126.0.0.0**sec-ch-ua-platform: "Windows"**Accept: image/avif,image/webp,image/apng,image/svg+xml,image/*,*/*;q=0.8**Sec-Fetch-Site: same-origin**Sec-Fetch-Mode: no-cors**Sec-Fetch-Dest: image**Referer: http://localhost:8181/**Accept-Encoding: gzip, deflate, br, zstd**Accept-Language: zh-CN,zh;q=0.9,en;q=0.8,en-GB;q=0.7,en-US;q=0.6****:3
Thu Jun 20 20:55:14 2024
 INFO: SEND:favicon.ico:3
Thu Jun 20 20:55:14 2024
 INFO: Header:HTTP/1.1 200 OK
Server: nweb/23.0
Content-Length: 67646
Connection: close
Content-Type: image/ico

:3
Thu Jun 20 20:55:16 2024
 INFO: request:GET / HTTP/1.1**Host: localhost:8181**Connection: keep-alive**Cache-Control: max-age=0**sec-ch-ua: "Not/A)Brand";v="8", "Chromium";v="126", "Microsoft Edge";v="126"**sec-ch-ua-mobile: ?0**sec-ch-ua-platform: "Windows"**Upgrade-Insecure-Requests: 1**User-Agent: Mozilla/5.0 (Windows NT 10.0; Win64; x64) AppleWebKit/537.36 (KHTML, like Gecko) Chrome/126.0.0.0 Safari/537.36 Edg/126.0.0.0**Accept: text/html,application/xhtml+xml,application/xml;q=0.9,image/avif,image/webp,image/apng,*/*;q=0.8,application/signed-exchange;v=b3;q=0.7**Sec-Fetch-Site: none**Sec-Fetch-Mode: navigate**Sec-Fetch-User: ?1**Sec-Fetch-Dest: document**Accept-Encoding: gzip, deflate, br, zstd**Accept-Language: zh-CN,zh;q=0.9,en;q=0.8,en-GB;q=0.7,en-US;q=0.6****:4
Thu Jun 20 20:55:16 2024
 INFO: SEND:index.html:4
Thu Jun 20 20:55:16 2024
 INFO: Header:HTTP/1.1 200 OK
Server: nweb/23.0
Content-Length: 303
Connection: close
Content-Type: text/html

:4
Thu Jun 20 20:55:16 2024
 INFO: request:GET /pic.jpg HTTP/1.1**Host: localhost:8181**Connection: keep-alive**sec-ch-ua: "Not/A)Brand";v="8", "Chromium";v="126", "Microsoft Edge";v="126"**sec-ch-ua-mobile: ?0**User-Agent: Mozilla/5.0 (Windows NT 10.0; Win64; x64) AppleWebKit/537.36 (KHTML, like Gecko) Chrome/126.0.0.0 Safari/537.36 Edg/126.0.0.0**sec-ch-ua-platform: "Windows"**Accept: image/avif,image/webp,image/apng,image/svg+xml,image/*,*/*;q=0.8**Sec-Fetch-Site: same-origin**Sec-Fetch-Mode: no-cors**Sec-Fetch-Dest: image**Referer: http://localhost:8181/**Accept-Encoding: gzip, deflate, br, zstd**Accept-Language: zh-CN,zh;q=0.9,en;q=0.8,en-GB;q=0.7,en-US;q=0.6****:5
Thu Jun 20 20:55:16 2024
 INFO: SEND:pic.jpg:5
Thu Jun 20 20:55:16 2024
 INFO: Header:HTTP/1.1 200 OK
Server: nweb/23.0
Content-Length: 234411
Connection: close
Content-Type: image/jpg

:5
Thu Jun 20 20:55:16 2024
 INFO: request:GET /favicon.ico HTTP/1.1**Host: localhost:8181**Connection: keep-alive**sec-ch-ua: "Not/A)Brand";v="8", "Chromium";v="126", "Microsoft Edge";v="126"**sec-ch-ua-mobile: ?0**User-Agent: Mozilla/5.0 (Windows NT 10.0; Win64; x64) AppleWebKit/537.36 (KHTML, like Gecko) Chrome/126.0.0.0 Safari/537.36 Edg/126.0.0.0**sec-ch-ua-platform: "Windows"**Accept: image/avif,image/webp,image/apng,image/svg+xml,image/*,*/*;q=0.8**Sec-Fetch-Site: same-origin**Sec-Fetch-Mode: no-cors**Sec-Fetch-Dest: image**Referer: http://localhost:8181/**Accept-Encoding: gzip, deflate, br, zstd**Accept-Language: zh-CN,zh;q=0.9,en;q=0.8,en-GB;q=0.7,en-US;q=0.6****:6
Thu Jun 20 20:55:16 2024
 INFO: SEND:favicon.ico:6
Thu Jun 20 20:55:16 2024
 INFO: Header:HTTP/1.1 200 OK
Server: nweb/23.0
Content-Length: 67646
Connection: close
Content-Type: image/ico

:6
Thu Jun 20 20:55:17 2024
 INFO: request:GET / HTTP/1.1**Host: localhost:8181**Connection: keep-alive**Cache-Control: max-age=0**sec-ch-ua: "Not/A)Brand";v="8", "Chromium";v="126", "Microsoft Edge";v="126"**sec-ch-ua-mobile: ?0**sec-ch-ua-platform: "Windows"**Upgrade-Insecure-Requests: 1**User-Agent: Mozilla/5.0 (Windows NT 10.0; Win64; x64) AppleWebKit/537.36 (KHTML, like Gecko) Chrome/126.0.0.0 Safari/537.36 Edg/126.0.0.0**Accept: text/html,application/xhtml+xml,application/xml;q=0.9,image/avif,image/webp,image/apng,*/*;q=0.8,application/signed-exchange;v=b3;q=0.7**Sec-Fetch-Site: none**Sec-Fetch-Mode: navigate**Sec-Fetch-User: ?1**Sec-Fetch-Dest: document**Accept-Encoding: gzip, deflate, br, zstd**Accept-Language: zh-CN,zh;q=0.9,en;q=0.8,en-GB;q=0.7,en-US;q=0.6****:8
Thu Jun 20 20:55:17 2024
 INFO: SEND:index.html:8
Thu Jun 20 20:55:17 2024
 INFO: Header:HTTP/1.1 200 OK
Server: nweb/23.0
Content-Length: 303
Connection: close
Content-Type: text/html

:8
Thu Jun 20 20:55:17 2024
 INFO: request:GET /pic.jpg HTTP/1.1**Host: localhost:8181**Connection: keep-alive**sec-ch-ua: "Not/A)Brand";v="8", "Chromium";v="126", "Microsoft Edge";v="126"**sec-ch-ua-mobile: ?0**User-Agent: Mozilla/5.0 (Windows NT 10.0; Win64; x64) AppleWebKit/537.36 (KHTML, like Gecko) Chrome/126.0.0.0 Safari/537.36 Edg/126.0.0.0**sec-ch-ua-platform: "Windows"**Accept: image/avif,image/webp,image/apng,image/svg+xml,image/*,*/*;q=0.8**Sec-Fetch-Site: same-origin**Sec-Fetch-Mode: no-cors**Sec-Fetch-Dest: image**Referer: http://localhost:8181/**Accept-Encoding: gzip, deflate, br, zstd**Accept-Language: zh-CN,zh;q=0.9,en;q=0.8,en-GB;q=0.7,en-US;q=0.6****:7
Thu Jun 20 20:55:17 2024
 INFO: SEND:pic.jpg:7
Thu Jun 20 20:55:17 2024
 INFO: Header:HTTP/1.1 200 OK
Server: nweb/23.0
Content-Length: 234411
Connection: close
Content-Type: image/jpg

:7
Thu Jun 20 20:55:17 2024
 INFO: request:GET / HTTP/1.1**Host: localhost:8181**Connection: keep-alive**Cache-Control: max-age=0**sec-ch-ua: "Not/A)Brand";v="8", "Chromium";v="126", "Microsoft Edge";v="126"**sec-ch-ua-mobile: ?0**sec-ch-ua-platform: "Windows"**Upgrade-Insecure-Requests: 1**User-Agent: Mozilla/5.0 (Windows NT 10.0; Win64; x64) AppleWebKit/537.36 (KHTML, like Gecko) Chrome/126.0.0.0 Safari/537.36 Edg/126.0.0.0**Accept: text/html,application/xhtml+xml,application/xml;q=0.9,image/avif,image/webp,image/apng,*/*;q=0.8,application/signed-exchange;v=b3;q=0.7**Sec-Fetch-Site: none**Sec-Fetch-Mode: navigate**Sec-Fetch-User: ?1**Sec-Fetch-Dest: document**Accept-Encoding: gzip, deflate, br, zstd**Accept-Language: zh-CN,zh;q=0.9,en;q=0.8,en-GB;q=0.7,en-US;q=0.6****:9
Thu Jun 20 20:55:17 2024
 INFO: SEND:index.html:9
Thu Jun 20 20:55:17 2024
 INFO: Header:HTTP/1.1 200 OK
Server: nweb/23.0
Content-Length: 303
Connection: close
Content-Type: text/html

:9
Thu Jun 20 20:55:17 2024
 INFO: request:GET /pic.jpg HTTP/1.1**Host: localhost:8181**Connection: keep-alive**sec-ch-ua: "Not/A)Brand";v="8", "Chromium";v="126", "Microsoft Edge";v="126"**sec-ch-ua-mobile: ?0**User-Agent: Mozilla/5.0 (Windows NT 10.0; Win64; x64) AppleWebKit/537.36 (KHTML, like Gecko) Chrome/126.0.0.0 Safari/537.36 Edg/126.0.0.0**sec-ch-ua-platform: "Windows"**Accept: image/avif,image/webp,image/apng,image/svg+xml,image/*,*/*;q=0.8**Sec-Fetch-Site: same-origin**Sec-Fetch-Mode: no-cors**Sec-Fetch-Dest: image**Referer: http://localhost:8181/**Accept-Encoding: gzip, deflate, br, zstd**Accept-Language: zh-CN,zh;q=0.9,en;q=0.8,en-GB;q=0.7,en-US;q=0.6****:10
Thu Jun 20 20:55:17 2024
 INFO: SEND:pic.jpg:10
Thu Jun 20 20:55:17 2024
 INFO: Header:HTTP/1.1 200 OK
Server: nweb/23.0
Content-Length: 234411
Connection: close
Content-Type: image/jpg

:10
Thu Jun 20 20:55:17 2024
 INFO: request:GET / HTTP/1.1**Host: localhost:8181**Connection: keep-alive**Cache-Control: max-age=0**sec-ch-ua: "Not/A)Brand";v="8", "Chromium";v="126", "Microsoft Edge";v="126"**sec-ch-ua-mobile: ?0**sec-ch-ua-platform: "Windows"**Upgrade-Insecure-Requests: 1**User-Agent: Mozilla/5.0 (Windows NT 10.0; Win64; x64) AppleWebKit/537.36 (KHTML, like Gecko) Chrome/126.0.0.0 Safari/537.36 Edg/126.0.0.0**Accept: text/html,application/xhtml+xml,application/xml;q=0.9,image/avif,image/webp,image/apng,*/*;q=0.8,application/signed-exchange;v=b3;q=0.7**Sec-Fetch-Site: none**Sec-Fetch-Mode: navigate**Sec-Fetch-User: ?1**Sec-Fetch-Dest: document**Accept-Encoding: gzip, deflate, br, zstd**Accept-Language: zh-CN,zh;q=0.9,en;q=0.8,en-GB;q=0.7,en-US;q=0.6****:11
Thu Jun 20 20:55:17 2024
 INFO: SEND:index.html:11
Thu Jun 20 20:55:17 2024
 INFO: Header:HTTP/1.1 200 OK
Server: nweb/23.0
Content-Length: 303
Connection: close
Content-Type: text/html

:11
Thu Jun 20 20:55:17 2024
 INFO: request:GET /pic.jpg HTTP/1.1**Host: localhost:8181**Connection: keep-alive**sec-ch-ua: "Not/A)Brand";v="8", "Chromium";v="126", "Microsoft Edge";v="126"**sec-ch-ua-mobile: ?0**User-Agent: Mozilla/5.0 (Windows NT 10.0; Win64; x64) AppleWebKit/537.36 (KHTML, like Gecko) Chrome/126.0.0.0 Safari/537.36 Edg/126.0.0.0**sec-ch-ua-platform: "Windows"**Accept: image/avif,image/webp,image/apng,image/svg+xml,image/*,*/*;q=0.8**Sec-Fetch-Site: same-origin**Sec-Fetch-Mode: no-cors**Sec-Fetch-Dest: image**Referer: http://localhost:8181/**Accept-Encoding: gzip, deflate, br, zstd**Accept-Language: zh-CN,zh;q=0.9,en;q=0.8,en-GB;q=0.7,en-US;q=0.6****:12
Thu Jun 20 20:55:17 2024
 INFO: SEND:pic.jpg:12
Thu Jun 20 20:55:17 2024
 INFO: Header:HTTP/1.1 200 OK
Server: nweb/23.0
Content-Length: 234411
Connection: close
Content-Type: image/jpg

:12
Thu Jun 20 20:55:17 2024
 INFO: request:GET /favicon.ico HTTP/1.1**Host: localhost:8181**Connection: keep-alive**sec-ch-ua: "Not/A)Brand";v="8", "Chromium";v="126", "Microsoft Edge";v="126"**sec-ch-ua-mobile: ?0**User-Agent: Mozilla/5.0 (Windows NT 10.0; Win64; x64) AppleWebKit/537.36 (KHTML, like Gecko) Chrome/126.0.0.0 Safari/537.36 Edg/126.0.0.0**sec-ch-ua-platform: "Windows"**Accept: image/avif,image/webp,image/apng,image/svg+xml,image/*,*/*;q=0.8**Sec-Fetch-Site: same-origin**Sec-Fetch-Mode: no-cors**Sec-Fetch-Dest: image**Referer: http://localhost:8181/**Accept-Encoding: gzip, deflate, br, zstd**Accept-Language: zh-CN,zh;q=0.9,en;q=0.8,en-GB;q=0.7,en-US;q=0.6****:13
Thu Jun 20 20:55:17 2024
 INFO: SEND:favicon.ico:13
Thu Jun 20 20:55:17 2024
 INFO: Header:HTTP/1.1 200 OK
Server: nweb/23.0
Content-Length: 67646
Connection: close
Content-Type: image/ico

:13
Thu Jun 20 20:55:18 2024
 INFO: request:GET / HTTP/1.1**Host: localhost:8181**Connection: keep-alive**Cache-Control: max-age=0**sec-ch-ua: "Not/A)Brand";v="8", "Chromium";v="126", "Microsoft Edge";v="126"**sec-ch-ua-mobile: ?0**sec-ch-ua-platform: "Windows"**Upgrade-Insecure-Requests: 1**User-Agent: Mozilla/5.0 (Windows NT 10.0; Win64; x64) AppleWebKit/537.36 (KHTML, like Gecko) Chrome/126.0.0.0 Safari/537.36 Edg/126.0.0.0**Accept: text/html,application/xhtml+xml,application/xml;q=0.9,image/avif,image/webp,image/apng,*/*;q=0.8,application/signed-exchange;v=b3;q=0.7**Sec-Fetch-Site: none**Sec-Fetch-Mode: navigate**Sec-Fetch-User: ?1**Sec-Fetch-Dest: document**Accept-Encoding: gzip, deflate, br, zstd**Accept-Language: zh-CN,zh;q=0.9,en;q=0.8,en-GB;q=0.7,en-US;q=0.6****:14
Thu Jun 20 20:55:18 2024
 INFO: SEND:index.html:14
Thu Jun 20 20:55:18 2024
 INFO: Header:HTTP/1.1 200 OK
Server: nweb/23.0
Content-Length: 303
Connection: close
Content-Type: text/html

:14
Thu Jun 20 20:55:18 2024
 INFO: request:GET /pic.jpg HTTP/1.1**Host: localhost:8181**Connection: keep-alive**sec-ch-ua: "Not/A)Brand";v="8", "Chromium";v="126", "Microsoft Edge";v="126"**sec-ch-ua-mobile: ?0**User-Agent: Mozilla/5.0 (Windows NT 10.0; Win64; x64) AppleWebKit/537.36 (KHTML, like Gecko) Chrome/126.0.0.0 Safari/537.36 Edg/126.0.0.0**sec-ch-ua-platform: "Windows"**Accept: image/avif,image/webp,image/apng,image/svg+xml,image/*,*/*;q=0.8**Sec-Fetch-Site: same-origin**Sec-Fetch-Mode: no-cors**Sec-Fetch-Dest: image**Referer: http://localhost:8181/**Accept-Encoding: gzip, deflate, br, zstd**Accept-Language: zh-CN,zh;q=0.9,en;q=0.8,en-GB;q=0.7,en-US;q=0.6****:15
Thu Jun 20 20:55:18 2024
 INFO: SEND:pic.jpg:15
Thu Jun 20 20:55:18 2024
 INFO: Header:HTTP/1.1 200 OK
Server: nweb/23.0
Content-Length: 234411
Connection: close
Content-Type: image/jpg

:15
Thu Jun 20 20:55:18 2024
 INFO: request:GET /favicon.ico HTTP/1.1**Host: localhost:8181**Connection: keep-alive**sec-ch-ua: "Not/A)Brand";v="8", "Chromium";v="126", "Microsoft Edge";v="126"**sec-ch-ua-mobile: ?0**User-Agent: Mozilla/5.0 (Windows NT 10.0; Win64; x64) AppleWebKit/537.36 (KHTML, like Gecko) Chrome/126.0.0.0 Safari/537.36 Edg/126.0.0.0**sec-ch-ua-platform: "Windows"**Accept: image/avif,image/webp,image/apng,image/svg+xml,image/*,*/*;q=0.8**Sec-Fetch-Site: same-origin**Sec-Fetch-Mode: no-cors**Sec-Fetch-Dest: image**Referer: http://localhost:8181/**Accept-Encoding: gzip, deflate, br, zstd**Accept-Language: zh-CN,zh;q=0.9,en;q=0.8,en-GB;q=0.7,en-US;q=0.6****:16
Thu Jun 20 20:55:18 2024
 INFO: SEND:favicon.ico:16
Thu Jun 20 20:55:18 2024
 INFO: Header:HTTP/1.1 200 OK
Server: nweb/23.0
Content-Length: 67646
Connection: close
Content-Type: image/ico

:16
Thu Jun 20 20:55:18 2024
 INFO: request:GET / HTTP/1.1**Host: localhost:8181**Connection: keep-alive**Cache-Control: max-age=0**sec-ch-ua: "Not/A)Brand";v="8", "Chromium";v="126", "Microsoft Edge";v="126"**sec-ch-ua-mobile: ?0**sec-ch-ua-platform: "Windows"**Upgrade-Insecure-Requests: 1**User-Agent: Mozilla/5.0 (Windows NT 10.0; Win64; x64) AppleWebKit/537.36 (KHTML, like Gecko) Chrome/126.0.0.0 Safari/537.36 Edg/126.0.0.0**Accept: text/html,application/xhtml+xml,application/xml;q=0.9,image/avif,image/webp,image/apng,*/*;q=0.8,application/signed-exchange;v=b3;q=0.7**Sec-Fetch-Site: none**Sec-Fetch-Mode: navigate**Sec-Fetch-User: ?1**Sec-Fetch-Dest: document**Accept-Encoding: gzip, deflate, br, zstd**Accept-Language: zh-CN,zh;q=0.9,en;q=0.8,en-GB;q=0.7,en-US;q=0.6****:17
Thu Jun 20 20:55:18 2024
 INFO: SEND:index.html:17
Thu Jun 20 20:55:18 2024
 INFO: Header:HTTP/1.1 200 OK
Server: nweb/23.0
Content-Length: 303
Connection: close
Content-Type: text/html

:17
Thu Jun 20 20:55:18 2024
 INFO: request:GET /pic.jpg HTTP/1.1**Host: localhost:8181**Connection: keep-alive**sec-ch-ua: "Not/A)Brand";v="8", "Chromium";v="126", "Microsoft Edge";v="126"**sec-ch-ua-mobile: ?0**User-Agent: Mozilla/5.0 (Windows NT 10.0; Win64; x64) AppleWebKit/537.36 (KHTML, like Gecko) Chrome/126.0.0.0 Safari/537.36 Edg/126.0.0.0**sec-ch-ua-platform: "Windows"**Accept: image/avif,image/webp,image/apng,image/svg+xml,image/*,*/*;q=0.8**Sec-Fetch-Site: same-origin**Sec-Fetch-Mode: no-cors**Sec-Fetch-Dest: image**Referer: http://localhost:8181/**Accept-Encoding: gzip, deflate, br, zstd**Accept-Language: zh-CN,zh;q=0.9,en;q=0.8,en-GB;q=0.7,en-US;q=0.6****:18
Thu Jun 20 20:55:18 2024
 INFO: SEND:pic.jpg:18
Thu Jun 20 20:55:18 2024
 INFO: Header:HTTP/1.1 200 OK
Server: nweb/23.0
Content-Length: 234411
Connection: close
Content-Type: image/jpg

:18
Thu Jun 20 20:55:18 2024
 INFO: request:GET / HTTP/1.1**Host: localhost:8181**Connection: keep-alive**Cache-Control: max-age=0**sec-ch-ua: "Not/A)Brand";v="8", "Chromium";v="126", "Microsoft Edge";v="126"**sec-ch-ua-mobile: ?0**sec-ch-ua-platform: "Windows"**Upgrade-Insecure-Requests: 1**User-Agent: Mozilla/5.0 (Windows NT 10.0; Win64; x64) AppleWebKit/537.36 (KHTML, like Gecko) Chrome/126.0.0.0 Safari/537.36 Edg/126.0.0.0**Accept: text/html,application/xhtml+xml,application/xml;q=0.9,image/avif,image/webp,image/apng,*/*;q=0.8,application/signed-exchange;v=b3;q=0.7**Sec-Fetch-Site: none**Sec-Fetch-Mode: navigate**Sec-Fetch-User: ?1**Sec-Fetch-Dest: document**Accept-Encoding: gzip, deflate, br, zstd**Accept-Language: zh-CN,zh;q=0.9,en;q=0.8,en-GB;q=0.7,en-US;q=0.6****:19
Thu Jun 20 20:55:18 2024
 INFO: SEND:index.html:19
Thu Jun 20 20:55:18 2024
 INFO: Header:HTTP/1.1 200 OK
Server: nweb/23.0
Content-Length: 303
Connection: close
Content-Type: text/html

:19
Thu Jun 20 20:55:18 2024
 INFO: request:GET /pic.jpg HTTP/1.1**Host: localhost:8181**Connection: keep-alive**sec-ch-ua: "Not/A)Brand";v="8", "Chromium";v="126", "Microsoft Edge";v="126"**sec-ch-ua-mobile: ?0**User-Agent: Mozilla/5.0 (Windows NT 10.0; Win64; x64) AppleWebKit/537.36 (KHTML, like Gecko) Chrome/126.0.0.0 Safari/537.36 Edg/126.0.0.0**sec-ch-ua-platform: "Windows"**Accept: image/avif,image/webp,image/apng,image/svg+xml,image/*,*/*;q=0.8**Sec-Fetch-Site: same-origin**Sec-Fetch-Mode: no-cors**Sec-Fetch-Dest: image**Referer: http://localhost:8181/**Accept-Encoding: gzip, deflate, br, zstd**Accept-Language: zh-CN,zh;q=0.9,en;q=0.8,en-GB;q=0.7,en-US;q=0.6****:20
Thu Jun 20 20:55:18 2024
 INFO: SEND:pic.jpg:20
Thu Jun 20 20:55:18 2024
 INFO: Header:HTTP/1.1 200 OK
Server: nweb/23.0
Content-Length: 234411
Connection: close
Content-Type: image/jpg

:20
Thu Jun 20 20:55:19 2024
 INFO: request:GET /favicon.ico HTTP/1.1**Host: localhost:8181**Connection: keep-alive**sec-ch-ua: "Not/A)Brand";v="8", "Chromium";v="126", "Microsoft Edge";v="126"**sec-ch-ua-mobile: ?0**User-Agent: Mozilla/5.0 (Windows NT 10.0; Win64; x64) AppleWebKit/537.36 (KHTML, like Gecko) Chrome/126.0.0.0 Safari/537.36 Edg/126.0.0.0**sec-ch-ua-platform: "Windows"**Accept: image/avif,image/webp,image/apng,image/svg+xml,image/*,*/*;q=0.8**Sec-Fetch-Site: same-origin**Sec-Fetch-Mode: no-cors**Sec-Fetch-Dest: image**Referer: http://localhost:8181/**Accept-Encoding: gzip, deflate, br, zstd**Accept-Language: zh-CN,zh;q=0.9,en;q=0.8,en-GB;q=0.7,en-US;q=0.6****:21
Thu Jun 20 20:55:19 2024
 INFO: SEND:favicon.ico:21
Thu Jun 20 20:55:19 2024
 INFO: Header:HTTP/1.1 200 OK
Server: nweb/23.0
Content-Length: 67646
Connection: close
Content-Type: image/ico

:21
Thu Jun 20 20:55:19 2024
 INFO: request:GET / HTTP/1.1**Host: localhost:8181**Connection: keep-alive**Cache-Control: max-age=0**sec-ch-ua: "Not/A)Brand";v="8", "Chromium";v="126", "Microsoft Edge";v="126"**sec-ch-ua-mobile: ?0**sec-ch-ua-platform: "Windows"**Upgrade-Insecure-Requests: 1**User-Agent: Mozilla/5.0 (Windows NT 10.0; Win64; x64) AppleWebKit/537.36 (KHTML, like Gecko) Chrome/126.0.0.0 Safari/537.36 Edg/126.0.0.0**Accept: text/html,application/xhtml+xml,application/xml;q=0.9,image/avif,image/webp,image/apng,*/*;q=0.8,application/signed-exchange;v=b3;q=0.7**Sec-Fetch-Site: none**Sec-Fetch-Mode: navigate**Sec-Fetch-User: ?1**Sec-Fetch-Dest: document**Accept-Encoding: gzip, deflate, br, zstd**Accept-Language: zh-CN,zh;q=0.9,en;q=0.8,en-GB;q=0.7,en-US;q=0.6****:22
Thu Jun 20 20:55:19 2024
 INFO: SEND:index.html:22
Thu Jun 20 20:55:19 2024
 INFO: Header:HTTP/1.1 200 OK
Server: nweb/23.0
Content-Length: 303
Connection: close
Content-Type: text/html

:22
Thu Jun 20 20:55:19 2024
 INFO: request:GET /pic.jpg HTTP/1.1**Host: localhost:8181**Connection: keep-alive**sec-ch-ua: "Not/A)Brand";v="8", "Chromium";v="126", "Microsoft Edge";v="126"**sec-ch-ua-mobile: ?0**User-Agent: Mozilla/5.0 (Windows NT 10.0; Win64; x64) AppleWebKit/537.36 (KHTML, like Gecko) Chrome/126.0.0.0 Safari/537.36 Edg/126.0.0.0**sec-ch-ua-platform: "Windows"**Accept: image/avif,image/webp,image/apng,image/svg+xml,image/*,*/*;q=0.8**Sec-Fetch-Site: same-origin**Sec-Fetch-Mode: no-cors**Sec-Fetch-Dest: image**Referer: http://localhost:8181/**Accept-Encoding: gzip, deflate, br, zstd**Accept-Language: zh-CN,zh;q=0.9,en;q=0.8,en-GB;q=0.7,en-US;q=0.6****:23
Thu Jun 20 20:55:19 2024
 INFO: SEND:pic.jpg:23
Thu Jun 20 20:55:19 2024
 INFO: Header:HTTP/1.1 200 OK
Server: nweb/23.0
Content-Length: 234411
Connection: close
Content-Type: image/jpg

:23
Thu Jun 20 20:55:19 2024
 INFO: request:GET /favicon.ico HTTP/1.1**Host: localhost:8181**Connection: keep-alive**sec-ch-ua: "Not/A)Brand";v="8", "Chromium";v="126", "Microsoft Edge";v="126"**sec-ch-ua-mobile: ?0**User-Agent: Mozilla/5.0 (Windows NT 10.0; Win64; x64) AppleWebKit/537.36 (KHTML, like Gecko) Chrome/126.0.0.0 Safari/537.36 Edg/126.0.0.0**sec-ch-ua-platform: "Windows"**Accept: image/avif,image/webp,image/apng,image/svg+xml,image/*,*/*;q=0.8**Sec-Fetch-Site: same-origin**Sec-Fetch-Mode: no-cors**Sec-Fetch-Dest: image**Referer: http://localhost:8181/**Accept-Encoding: gzip, deflate, br, zstd**Accept-Language: zh-CN,zh;q=0.9,en;q=0.8,en-GB;q=0.7,en-US;q=0.6****:24
Thu Jun 20 20:55:19 2024
 INFO: SEND:favicon.ico:24
Thu Jun 20 20:55:19 2024
 INFO: Header:HTTP/1.1 200 OK
Server: nweb/23.0
Content-Length: 67646
Connection: close
Content-Type: image/ico

:24
Thu Jun 20 20:55:19 2024
 INFO: request:GET / HTTP/1.1**Host: localhost:8181**Connection: keep-alive**Cache-Control: max-age=0**sec-ch-ua: "Not/A)Brand";v="8", "Chromium";v="126", "Microsoft Edge";v="126"**sec-ch-ua-mobile: ?0**sec-ch-ua-platform: "Windows"**Upgrade-Insecure-Requests: 1**User-Agent: Mozilla/5.0 (Windows NT 10.0; Win64; x64) AppleWebKit/537.36 (KHTML, like Gecko) Chrome/126.0.0.0 Safari/537.36 Edg/126.0.0.0**Accept: text/html,application/xhtml+xml,application/xml;q=0.9,image/avif,image/webp,image/apng,*/*;q=0.8,application/signed-exchange;v=b3;q=0.7**Sec-Fetch-Site: none**Sec-Fetch-Mode: navigate**Sec-Fetch-User: ?1**Sec-Fetch-Dest: document**Accept-Encoding: gzip, deflate, br, zstd**Accept-Language: zh-CN,zh;q=0.9,en;q=0.8,en-GB;q=0.7,en-US;q=0.6****:25
Thu Jun 20 20:55:19 2024
 INFO: SEND:index.html:25
Thu Jun 20 20:55:19 2024
 INFO: Header:HTTP/1.1 200 OK
Server: nweb/23.0
Content-Length: 303
Connection: close
Content-Type: text/html

:25
Thu Jun 20 20:55:19 2024
 INFO: request:GET /pic.jpg HTTP/1.1**Host: localhost:8181**Connection: keep-alive**sec-ch-ua: "Not/A)Brand";v="8", "Chromium";v="126", "Microsoft Edge";v="126"**sec-ch-ua-mobile: ?0**User-Agent: Mozilla/5.0 (Windows NT 10.0; Win64; x64) AppleWebKit/537.36 (KHTML, like Gecko) Chrome/126.0.0.0 Safari/537.36 Edg/126.0.0.0**sec-ch-ua-platform: "Windows"**Accept: image/avif,image/webp,image/apng,image/svg+xml,image/*,*/*;q=0.8**Sec-Fetch-Site: same-origin**Sec-Fetch-Mode: no-cors**Sec-Fetch-Dest: image**Referer: http://localhost:8181/**Accept-Encoding: gzip, deflate, br, zstd**Accept-Language: zh-CN,zh;q=0.9,en;q=0.8,en-GB;q=0.7,en-US;q=0.6****:26
Thu Jun 20 20:55:19 2024
 INFO: SEND:pic.jpg:26
Thu Jun 20 20:55:19 2024
 INFO: Header:HTTP/1.1 200 OK
Server: nweb/23.0
Content-Length: 234411
Connection: close
Content-Type: image/jpg

:26
Thu Jun 20 20:55:19 2024
 INFO: request:GET / HTTP/1.1**Host: localhost:8181**Connection: keep-alive**Cache-Control: max-age=0**sec-ch-ua: "Not/A)Brand";v="8", "Chromium";v="126", "Microsoft Edge";v="126"**sec-ch-ua-mobile: ?0**sec-ch-ua-platform: "Windows"**Upgrade-Insecure-Requests: 1**User-Agent: Mozilla/5.0 (Windows NT 10.0; Win64; x64) AppleWebKit/537.36 (KHTML, like Gecko) Chrome/126.0.0.0 Safari/537.36 Edg/126.0.0.0**Accept: text/html,application/xhtml+xml,application/xml;q=0.9,image/avif,image/webp,image/apng,*/*;q=0.8,application/signed-exchange;v=b3;q=0.7**Sec-Fetch-Site: none**Sec-Fetch-Mode: navigate**Sec-Fetch-User: ?1**Sec-Fetch-Dest: document**Accept-Encoding: gzip, deflate, br, zstd**Accept-Language: zh-CN,zh;q=0.9,en;q=0.8,en-GB;q=0.7,en-US;q=0.6****:27
Thu Jun 20 20:55:19 2024
 INFO: SEND:index.html:27
Thu Jun 20 20:55:19 2024
 INFO: Header:HTTP/1.1 200 OK
Server: nweb/23.0
Content-Length: 303
Connection: close
Content-Type: text/html

:27
Thu Jun 20 20:55:20 2024
 INFO: request:GET /pic.jpg HTTP/1.1**Host: localhost:8181**Connection: keep-alive**sec-ch-ua: "Not/A)Brand";v="8", "Chromium";v="126", "Microsoft Edge";v="126"**sec-ch-ua-mobile: ?0**User-Agent: Mozilla/5.0 (Windows NT 10.0; Win64; x64) AppleWebKit/537.36 (KHTML, like Gecko) Chrome/126.0.0.0 Safari/537.36 Edg/126.0.0.0**sec-ch-ua-platform: "Windows"**Accept: image/avif,image/webp,image/apng,image/svg+xml,image/*,*/*;q=0.8**Sec-Fetch-Site: same-origin**Sec-Fetch-Mode: no-cors**Sec-Fetch-Dest: image**Referer: http://localhost:8181/**Accept-Encoding: gzip, deflate, br, zstd**Accept-Language: zh-CN,zh;q=0.9,en;q=0.8,en-GB;q=0.7,en-US;q=0.6****:28
Thu Jun 20 20:55:20 2024
 INFO: SEND:pic.jpg:28
Thu Jun 20 20:55:20 2024
 INFO: Header:HTTP/1.1 200 OK
Server: nweb/23.0
Content-Length: 234411
Connection: close
Content-Type: image/jpg

:28
Thu Jun 20 20:55:20 2024
 INFO: request:GET /favicon.ico HTTP/1.1**Host: localhost:8181**Connection: keep-alive**sec-ch-ua: "Not/A)Brand";v="8", "Chromium";v="126", "Microsoft Edge";v="126"**sec-ch-ua-mobile: ?0**User-Agent: Mozilla/5.0 (Windows NT 10.0; Win64; x64) AppleWebKit/537.36 (KHTML, like Gecko) Chrome/126.0.0.0 Safari/537.36 Edg/126.0.0.0**sec-ch-ua-platform: "Windows"**Accept: image/avif,image/webp,image/apng,image/svg+xml,image/*,*/*;q=0.8**Sec-Fetch-Site: same-origin**Sec-Fetch-Mode: no-cors**Sec-Fetch-Dest: image**Referer: http://localhost:8181/**Accept-Encoding: gzip, deflate, br, zstd**Accept-Language: zh-CN,zh;q=0.9,en;q=0.8,en-GB;q=0.7,en-US;q=0.6****:29
Thu Jun 20 20:55:20 2024
 INFO: SEND:favicon.ico:29
Thu Jun 20 20:55:20 2024
 INFO: Header:HTTP/1.1 200 OK
Server: nweb/23.0
Content-Length: 67646
Connection: close
Content-Type: image/ico

:29
Thu Jun 20 20:55:21 2024
 INFO: request:GET / HTTP/1.1**Host: localhost:8181**Connection: keep-alive**Cache-Control: max-age=0**sec-ch-ua: "Not/A)Brand";v="8", "Chromium";v="126", "Microsoft Edge";v="126"**sec-ch-ua-mobile: ?0**sec-ch-ua-platform: "Windows"**Upgrade-Insecure-Requests: 1**User-Agent: Mozilla/5.0 (Windows NT 10.0; Win64; x64) AppleWebKit/537.36 (KHTML, like Gecko) Chrome/126.0.0.0 Safari/537.36 Edg/126.0.0.0**Accept: text/html,application/xhtml+xml,application/xml;q=0.9,image/avif,image/webp,image/apng,*/*;q=0.8,application/signed-exchange;v=b3;q=0.7**Sec-Fetch-Site: none**Sec-Fetch-Mode: navigate**Sec-Fetch-User: ?1**Sec-Fetch-Dest: document**Accept-Encoding: gzip, deflate, br, zstd**Accept-Language: zh-CN,zh;q=0.9,en;q=0.8,en-GB;q=0.7,en-US;q=0.6****:30
Thu Jun 20 20:55:21 2024
 INFO: SEND:index.html:30
Thu Jun 20 20:55:21 2024
 INFO: Header:HTTP/1.1 200 OK
Server: nweb/23.0
Content-Length: 303
Connection: close
Content-Type: text/html

:30
Thu Jun 20 20:55:21 2024
 INFO: request:GET /pic.jpg HTTP/1.1**Host: localhost:8181**Connection: keep-alive**sec-ch-ua: "Not/A)Brand";v="8", "Chromium";v="126", "Microsoft Edge";v="126"**sec-ch-ua-mobile: ?0**User-Agent: Mozilla/5.0 (Windows NT 10.0; Win64; x64) AppleWebKit/537.36 (KHTML, like Gecko) Chrome/126.0.0.0 Safari/537.36 Edg/126.0.0.0**sec-ch-ua-platform: "Windows"**Accept: image/avif,image/webp,image/apng,image/svg+xml,image/*,*/*;q=0.8**Sec-Fetch-Site: same-origin**Sec-Fetch-Mode: no-cors**Sec-Fetch-Dest: image**Referer: http://localhost:8181/**Accept-Encoding: gzip, deflate, br, zstd**Accept-Language: zh-CN,zh;q=0.9,en;q=0.8,en-GB;q=0.7,en-US;q=0.6****:31
Thu Jun 20 20:55:21 2024
 INFO: SEND:pic.jpg:31
Thu Jun 20 20:55:21 2024
 INFO: Header:HTTP/1.1 200 OK
Server: nweb/23.0
Content-Length: 234411
Connection: close
Content-Type: image/jpg

:31
Thu Jun 20 20:55:21 2024
 INFO: request:GET / HTTP/1.1**Host: localhost:8181**Connection: keep-alive**Cache-Control: max-age=0**sec-ch-ua: "Not/A)Brand";v="8", "Chromium";v="126", "Microsoft Edge";v="126"**sec-ch-ua-mobile: ?0**sec-ch-ua-platform: "Windows"**Upgrade-Insecure-Requests: 1**User-Agent: Mozilla/5.0 (Windows NT 10.0; Win64; x64) AppleWebKit/537.36 (KHTML, like Gecko) Chrome/126.0.0.0 Safari/537.36 Edg/126.0.0.0**Accept: text/html,application/xhtml+xml,application/xml;q=0.9,image/avif,image/webp,image/apng,*/*;q=0.8,application/signed-exchange;v=b3;q=0.7**Sec-Fetch-Site: none**Sec-Fetch-Mode: navigate**Sec-Fetch-User: ?1**Sec-Fetch-Dest: document**Accept-Encoding: gzip, deflate, br, zstd**Accept-Language: zh-CN,zh;q=0.9,en;q=0.8,en-GB;q=0.7,en-US;q=0.6****:32
Thu Jun 20 20:55:21 2024
 INFO: SEND:index.html:32
Thu Jun 20 20:55:21 2024
 INFO: Header:HTTP/1.1 200 OK
Server: nweb/23.0
Content-Length: 303
Connection: close
Content-Type: text/html

:32
Thu Jun 20 20:55:21 2024
 INFO: request:GET /pic.jpg HTTP/1.1**Host: localhost:8181**Connection: keep-alive**sec-ch-ua: "Not/A)Brand";v="8", "Chromium";v="126", "Microsoft Edge";v="126"**sec-ch-ua-mobile: ?0**User-Agent: Mozilla/5.0 (Windows NT 10.0; Win64; x64) AppleWebKit/537.36 (KHTML, like Gecko) Chrome/126.0.0.0 Safari/537.36 Edg/126.0.0.0**sec-ch-ua-platform: "Windows"**Accept: image/avif,image/webp,image/apng,image/svg+xml,image/*,*/*;q=0.8**Sec-Fetch-Site: same-origin**Sec-Fetch-Mode: no-cors**Sec-Fetch-Dest: image**Referer: http://localhost:8181/**Accept-Encoding: gzip, deflate, br, zstd**Accept-Language: zh-CN,zh;q=0.9,en;q=0.8,en-GB;q=0.7,en-US;q=0.6****:33
Thu Jun 20 20:55:21 2024
 INFO: SEND:pic.jpg:33
Thu Jun 20 20:55:21 2024
 INFO: Header:HTTP/1.1 200 OK
Server: nweb/23.0
Content-Length: 234411
Connection: close
Content-Type: image/jpg

:33
Thu Jun 20 20:55:21 2024
 INFO: request:GET / HTTP/1.1**Host: localhost:8181**Connection: keep-alive**Cache-Control: max-age=0**sec-ch-ua: "Not/A)Brand";v="8", "Chromium";v="126", "Microsoft Edge";v="126"**sec-ch-ua-mobile: ?0**sec-ch-ua-platform: "Windows"**Upgrade-Insecure-Requests: 1**User-Agent: Mozilla/5.0 (Windows NT 10.0; Win64; x64) AppleWebKit/537.36 (KHTML, like Gecko) Chrome/126.0.0.0 Safari/537.36 Edg/126.0.0.0**Accept: text/html,application/xhtml+xml,application/xml;q=0.9,image/avif,image/webp,image/apng,*/*;q=0.8,application/signed-exchange;v=b3;q=0.7**Sec-Fetch-Site: none**Sec-Fetch-Mode: navigate**Sec-Fetch-User: ?1**Sec-Fetch-Dest: document**Accept-Encoding: gzip, deflate, br, zstd**Accept-Language: zh-CN,zh;q=0.9,en;q=0.8,en-GB;q=0.7,en-US;q=0.6****:34
Thu Jun 20 20:55:21 2024
 INFO: SEND:index.html:34
Thu Jun 20 20:55:21 2024
 INFO: Header:HTTP/1.1 200 OK
Server: nweb/23.0
Content-Length: 303
Connection: close
Content-Type: text/html

:34
Thu Jun 20 20:55:21 2024
 INFO: request:GET /favicon.ico HTTP/1.1**Host: localhost:8181**Connection: keep-alive**sec-ch-ua: "Not/A)Brand";v="8", "Chromium";v="126", "Microsoft Edge";v="126"**sec-ch-ua-mobile: ?0**User-Agent: Mozilla/5.0 (Windows NT 10.0; Win64; x64) AppleWebKit/537.36 (KHTML, like Gecko) Chrome/126.0.0.0 Safari/537.36 Edg/126.0.0.0**sec-ch-ua-platform: "Windows"**Accept: image/avif,image/webp,image/apng,image/svg+xml,image/*,*/*;q=0.8**Sec-Fetch-Site: same-origin**Sec-Fetch-Mode: no-cors**Sec-Fetch-Dest: image**Referer: http://localhost:8181/**Accept-Encoding: gzip, deflate, br, zstd**Accept-Language: zh-CN,zh;q=0.9,en;q=0.8,en-GB;q=0.7,en-US;q=0.6****:35
Thu Jun 20 20:55:21 2024
 INFO: SEND:favicon.ico:35
Thu Jun 20 20:55:21 2024
 INFO: Header:HTTP/1.1 200 OK
Server: nweb/23.0
Content-Length: 67646
Connection: close
Content-Type: image/ico

:35
Thu Jun 20 20:55:21 2024
 INFO: request:GET /pic.jpg HTTP/1.1**Host: localhost:8181**Connection: keep-alive**sec-ch-ua: "Not/A)Brand";v="8", "Chromium";v="126", "Microsoft Edge";v="126"**sec-ch-ua-mobile: ?0**User-Agent: Mozilla/5.0 (Windows NT 10.0; Win64; x64) AppleWebKit/537.36 (KHTML, like Gecko) Chrome/126.0.0.0 Safari/537.36 Edg/126.0.0.0**sec-ch-ua-platform: "Windows"**Accept: image/avif,image/webp,image/apng,image/svg+xml,image/*,*/*;q=0.8**Sec-Fetch-Site: same-origin**Sec-Fetch-Mode: no-cors**Sec-Fetch-Dest: image**Referer: http://localhost:8181/**Accept-Encoding: gzip, deflate, br, zstd**Accept-Language: zh-CN,zh;q=0.9,en;q=0.8,en-GB;q=0.7,en-US;q=0.6****:36
Thu Jun 20 20:55:21 2024
 INFO: SEND:pic.jpg:36
Thu Jun 20 20:55:21 2024
 INFO: Header:HTTP/1.1 200 OK
Server: nweb/23.0
Content-Length: 234411
Connection: close
Content-Type: image/jpg

:36
Thu Jun 20 20:55:21 2024
 INFO: request:GET /favicon.ico HTTP/1.1**Host: localhost:8181**Connection: keep-alive**sec-ch-ua: "Not/A)Brand";v="8", "Chromium";v="126", "Microsoft Edge";v="126"**sec-ch-ua-mobile: ?0**User-Agent: Mozilla/5.0 (Windows NT 10.0; Win64; x64) AppleWebKit/537.36 (KHTML, like Gecko) Chrome/126.0.0.0 Safari/537.36 Edg/126.0.0.0**sec-ch-ua-platform: "Windows"**Accept: image/avif,image/webp,image/apng,image/svg+xml,image/*,*/*;q=0.8**Sec-Fetch-Site: same-origin**Sec-Fetch-Mode: no-cors**Sec-Fetch-Dest: image**Referer: http://localhost:8181/**Accept-Encoding: gzip, deflate, br, zstd**Accept-Language: zh-CN,zh;q=0.9,en;q=0.8,en-GB;q=0.7,en-US;q=0.6****:37
Thu Jun 20 20:55:21 2024
 INFO: SEND:favicon.ico:37
Thu Jun 20 20:55:21 2024
 INFO: Header:HTTP/1.1 200 OK
Server: nweb/23.0
Content-Length: 67646
Connection: close
Content-Type: image/ico

:37
Thu Jun 20 20:55:21 2024
 INFO: request:GET / HTTP/1.1**Host: localhost:8181**Connection: keep-alive**Cache-Control: max-age=0**sec-ch-ua: "Not/A)Brand";v="8", "Chromium";v="126", "Microsoft Edge";v="126"**sec-ch-ua-mobile: ?0**sec-ch-ua-platform: "Windows"**Upgrade-Insecure-Requests: 1**User-Agent: Mozilla/5.0 (Windows NT 10.0; Win64; x64) AppleWebKit/537.36 (KHTML, like Gecko) Chrome/126.0.0.0 Safari/537.36 Edg/126.0.0.0**Accept: text/html,application/xhtml+xml,application/xml;q=0.9,image/avif,image/webp,image/apng,*/*;q=0.8,application/signed-exchange;v=b3;q=0.7**Sec-Fetch-Site: none**Sec-Fetch-Mode: navigate**Sec-Fetch-User: ?1**Sec-Fetch-Dest: document**Accept-Encoding: gzip, deflate, br, zstd**Accept-Language: zh-CN,zh;q=0.9,en;q=0.8,en-GB;q=0.7,en-US;q=0.6****:38
Thu Jun 20 20:55:21 2024
 INFO: SEND:index.html:38
Thu Jun 20 20:55:21 2024
 INFO: Header:HTTP/1.1 200 OK
Server: nweb/23.0
Content-Length: 303
Connection: close
Content-Type: text/html

:38
Thu Jun 20 20:55:21 2024
 INFO: request:GET / HTTP/1.1**Host: localhost:8181**Connection: keep-alive**Cache-Control: max-age=0**sec-ch-ua: "Not/A)Brand";v="8", "Chromium";v="126", "Microsoft Edge";v="126"**sec-ch-ua-mobile: ?0**sec-ch-ua-platform: "Windows"**Upgrade-Insecure-Requests: 1**User-Agent: Mozilla/5.0 (Windows NT 10.0; Win64; x64) AppleWebKit/537.36 (KHTML, like Gecko) Chrome/126.0.0.0 Safari/537.36 Edg/126.0.0.0**Accept: text/html,application/xhtml+xml,application/xml;q=0.9,image/avif,image/webp,image/apng,*/*;q=0.8,application/signed-exchange;v=b3;q=0.7**Sec-Fetch-Site: none**Sec-Fetch-Mode: navigate**Sec-Fetch-User: ?1**Sec-Fetch-Dest: document**Accept-Encoding: gzip, deflate, br, zstd**Accept-Language: zh-CN,zh;q=0.9,en;q=0.8,en-GB;q=0.7,en-US;q=0.6****:39
Thu Jun 20 20:55:21 2024
 INFO: SEND:index.html:39
Thu Jun 20 20:55:21 2024
 INFO: Header:HTTP/1.1 200 OK
Server: nweb/23.0
Content-Length: 303
Connection: close
Content-Type: text/html

:39
Thu Jun 20 20:55:22 2024
 INFO: request:GET /pic.jpg HTTP/1.1**Host: localhost:8181**Connection: keep-alive**sec-ch-ua: "Not/A)Brand";v="8", "Chromium";v="126", "Microsoft Edge";v="126"**sec-ch-ua-mobile: ?0**User-Agent: Mozilla/5.0 (Windows NT 10.0; Win64; x64) AppleWebKit/537.36 (KHTML, like Gecko) Chrome/126.0.0.0 Safari/537.36 Edg/126.0.0.0**sec-ch-ua-platform: "Windows"**Accept: image/avif,image/webp,image/apng,image/svg+xml,image/*,*/*;q=0.8**Sec-Fetch-Site: same-origin**Sec-Fetch-Mode: no-cors**Sec-Fetch-Dest: image**Referer: http://localhost:8181/**Accept-Encoding: gzip, deflate, br, zstd**Accept-Language: zh-CN,zh;q=0.9,en;q=0.8,en-GB;q=0.7,en-US;q=0.6****:40
Thu Jun 20 20:55:22 2024
 INFO: SEND:pic.jpg:40
Thu Jun 20 20:55:22 2024
 INFO: Header:HTTP/1.1 200 OK
Server: nweb/23.0
Content-Length: 234411
Connection: close
Content-Type: image/jpg

:40
Thu Jun 20 20:55:22 2024
 INFO: request:GET /favicon.ico HTTP/1.1**Host: localhost:8181**Connection: keep-alive**sec-ch-ua: "Not/A)Brand";v="8", "Chromium";v="126", "Microsoft Edge";v="126"**sec-ch-ua-mobile: ?0**User-Agent: Mozilla/5.0 (Windows NT 10.0; Win64; x64) AppleWebKit/537.36 (KHTML, like Gecko) Chrome/126.0.0.0 Safari/537.36 Edg/126.0.0.0**sec-ch-ua-platform: "Windows"**Accept: image/avif,image/webp,image/apng,image/svg+xml,image/*,*/*;q=0.8**Sec-Fetch-Site: same-origin**Sec-Fetch-Mode: no-cors**Sec-Fetch-Dest: image**Referer: http://localhost:8181/**Accept-Encoding: gzip, deflate, br, zstd**Accept-Language: zh-CN,zh;q=0.9,en;q=0.8,en-GB;q=0.7,en-US;q=0.6****:41
Thu Jun 20 20:55:22 2024
 INFO: SEND:favicon.ico:41
Thu Jun 20 20:55:22 2024
 INFO: Header:HTTP/1.1 200 OK
Server: nweb/23.0
Content-Length: 67646
Connection: close
Content-Type: image/ico

:41
Thu Jun 20 20:55:22 2024
 INFO: request:GET / HTTP/1.1**Host: localhost:8181**Connection: keep-alive**Cache-Control: max-age=0**sec-ch-ua: "Not/A)Brand";v="8", "Chromium";v="126", "Microsoft Edge";v="126"**sec-ch-ua-mobile: ?0**sec-ch-ua-platform: "Windows"**Upgrade-Insecure-Requests: 1**User-Agent: Mozilla/5.0 (Windows NT 10.0; Win64; x64) AppleWebKit/537.36 (KHTML, like Gecko) Chrome/126.0.0.0 Safari/537.36 Edg/126.0.0.0**Accept: text/html,application/xhtml+xml,application/xml;q=0.9,image/avif,image/webp,image/apng,*/*;q=0.8,application/signed-exchange;v=b3;q=0.7**Sec-Fetch-Site: none**Sec-Fetch-Mode: navigate**Sec-Fetch-User: ?1**Sec-Fetch-Dest: document**Accept-Encoding: gzip, deflate, br, zstd**Accept-Language: zh-CN,zh;q=0.9,en;q=0.8,en-GB;q=0.7,en-US;q=0.6****:42
Thu Jun 20 20:55:22 2024
 INFO: SEND:index.html:42
Thu Jun 20 20:55:22 2024
 INFO: Header:HTTP/1.1 200 OK
Server: nweb/23.0
Content-Length: 303
Connection: close
Content-Type: text/html

:42
Thu Jun 20 20:55:22 2024
 INFO: request:GET /pic.jpg HTTP/1.1**Host: localhost:8181**Connection: keep-alive**sec-ch-ua: "Not/A)Brand";v="8", "Chromium";v="126", "Microsoft Edge";v="126"**sec-ch-ua-mobile: ?0**User-Agent: Mozilla/5.0 (Windows NT 10.0; Win64; x64) AppleWebKit/537.36 (KHTML, like Gecko) Chrome/126.0.0.0 Safari/537.36 Edg/126.0.0.0**sec-ch-ua-platform: "Windows"**Accept: image/avif,image/webp,image/apng,image/svg+xml,image/*,*/*;q=0.8**Sec-Fetch-Site: same-origin**Sec-Fetch-Mode: no-cors**Sec-Fetch-Dest: image**Referer: http://localhost:8181/**Accept-Encoding: gzip, deflate, br, zstd**Accept-Language: zh-CN,zh;q=0.9,en;q=0.8,en-GB;q=0.7,en-US;q=0.6****:43
Thu Jun 20 20:55:22 2024
 INFO: SEND:pic.jpg:43
Thu Jun 20 20:55:22 2024
 INFO: Header:HTTP/1.1 200 OK
Server: nweb/23.0
Content-Length: 234411
Connection: close
Content-Type: image/jpg

:43
Thu Jun 20 20:55:22 2024
 INFO: request:GET / HTTP/1.1**Host: localhost:8181**Connection: keep-alive**Cache-Control: max-age=0**sec-ch-ua: "Not/A)Brand";v="8", "Chromium";v="126", "Microsoft Edge";v="126"**sec-ch-ua-mobile: ?0**sec-ch-ua-platform: "Windows"**Upgrade-Insecure-Requests: 1**User-Agent: Mozilla/5.0 (Windows NT 10.0; Win64; x64) AppleWebKit/537.36 (KHTML, like Gecko) Chrome/126.0.0.0 Safari/537.36 Edg/126.0.0.0**Accept: text/html,application/xhtml+xml,application/xml;q=0.9,image/avif,image/webp,image/apng,*/*;q=0.8,application/signed-exchange;v=b3;q=0.7**Sec-Fetch-Site: none**Sec-Fetch-Mode: navigate**Sec-Fetch-User: ?1**Sec-Fetch-Dest: document**Accept-Encoding: gzip, deflate, br, zstd**Accept-Language: zh-CN,zh;q=0.9,en;q=0.8,en-GB;q=0.7,en-US;q=0.6****:44
Thu Jun 20 20:55:22 2024
 INFO: SEND:index.html:44
Thu Jun 20 20:55:22 2024
 INFO: Header:HTTP/1.1 200 OK
Server: nweb/23.0
Content-Length: 303
Connection: close
Content-Type: text/html

:44
Thu Jun 20 20:55:22 2024
 INFO: request:GET /pic.jpg HTTP/1.1**Host: localhost:8181**Connection: keep-alive**sec-ch-ua: "Not/A)Brand";v="8", "Chromium";v="126", "Microsoft Edge";v="126"**sec-ch-ua-mobile: ?0**User-Agent: Mozilla/5.0 (Windows NT 10.0; Win64; x64) AppleWebKit/537.36 (KHTML, like Gecko) Chrome/126.0.0.0 Safari/537.36 Edg/126.0.0.0**sec-ch-ua-platform: "Windows"**Accept: image/avif,image/webp,image/apng,image/svg+xml,image/*,*/*;q=0.8**Sec-Fetch-Site: same-origin**Sec-Fetch-Mode: no-cors**Sec-Fetch-Dest: image**Referer: http://localhost:8181/**Accept-Encoding: gzip, deflate, br, zstd**Accept-Language: zh-CN,zh;q=0.9,en;q=0.8,en-GB;q=0.7,en-US;q=0.6****:45
Thu Jun 20 20:55:22 2024
 INFO: SEND:pic.jpg:45
Thu Jun 20 20:55:22 2024
 INFO: Header:HTTP/1.1 200 OK
Server: nweb/23.0
Content-Length: 234411
Connection: close
Content-Type: image/jpg

:45
Thu Jun 20 20:55:22 2024
 INFO: request:GET /favicon.ico HTTP/1.1**Host: localhost:8181**Connection: keep-alive**sec-ch-ua: "Not/A)Brand";v="8", "Chromium";v="126", "Microsoft Edge";v="126"**sec-ch-ua-mobile: ?0**User-Agent: Mozilla/5.0 (Windows NT 10.0; Win64; x64) AppleWebKit/537.36 (KHTML, like Gecko) Chrome/126.0.0.0 Safari/537.36 Edg/126.0.0.0**sec-ch-ua-platform: "Windows"**Accept: image/avif,image/webp,image/apng,image/svg+xml,image/*,*/*;q=0.8**Sec-Fetch-Site: same-origin**Sec-Fetch-Mode: no-cors**Sec-Fetch-Dest: image**Referer: http://localhost:8181/**Accept-Encoding: gzip, deflate, br, zstd**Accept-Language: zh-CN,zh;q=0.9,en;q=0.8,en-GB;q=0.7,en-US;q=0.6****:46
Thu Jun 20 20:55:22 2024
 INFO: SEND:favicon.ico:46
Thu Jun 20 20:55:22 2024
 INFO: Header:HTTP/1.1 200 OK
Server: nweb/23.0
Content-Length: 67646
Connection: close
Content-Type: image/ico

:46
Thu Jun 20 20:55:22 2024
 INFO: request:GET / HTTP/1.1**Host: localhost:8181**Connection: keep-alive**Cache-Control: max-age=0**sec-ch-ua: "Not/A)Brand";v="8", "Chromium";v="126", "Microsoft Edge";v="126"**sec-ch-ua-mobile: ?0**sec-ch-ua-platform: "Windows"**Upgrade-Insecure-Requests: 1**User-Agent: Mozilla/5.0 (Windows NT 10.0; Win64; x64) AppleWebKit/537.36 (KHTML, like Gecko) Chrome/126.0.0.0 Safari/537.36 Edg/126.0.0.0**Accept: text/html,application/xhtml+xml,application/xml;q=0.9,image/avif,image/webp,image/apng,*/*;q=0.8,application/signed-exchange;v=b3;q=0.7**Sec-Fetch-Site: none**Sec-Fetch-Mode: navigate**Sec-Fetch-User: ?1**Sec-Fetch-Dest: document**Accept-Encoding: gzip, deflate, br, zstd**Accept-Language: zh-CN,zh;q=0.9,en;q=0.8,en-GB;q=0.7,en-US;q=0.6****:47
Thu Jun 20 20:55:22 2024
 INFO: SEND:index.html:47
Thu Jun 20 20:55:22 2024
 INFO: Header:HTTP/1.1 200 OK
Server: nweb/23.0
Content-Length: 303
Connection: close
Content-Type: text/html

:47
Thu Jun 20 20:55:22 2024
 INFO: request:GET / HTTP/1.1**Host: localhost:8181**Connection: keep-alive**Cache-Control: max-age=0**sec-ch-ua: "Not/A)Brand";v="8", "Chromium";v="126", "Microsoft Edge";v="126"**sec-ch-ua-mobile: ?0**sec-ch-ua-platform: "Windows"**Upgrade-Insecure-Requests: 1**User-Agent: Mozilla/5.0 (Windows NT 10.0; Win64; x64) AppleWebKit/537.36 (KHTML, like Gecko) Chrome/126.0.0.0 Safari/537.36 Edg/126.0.0.0**Accept: text/html,application/xhtml+xml,application/xml;q=0.9,image/avif,image/webp,image/apng,*/*;q=0.8,application/signed-exchange;v=b3;q=0.7**Sec-Fetch-Site: none**Sec-Fetch-Mode: navigate**Sec-Fetch-User: ?1**Sec-Fetch-Dest: document**Accept-Encoding: gzip, deflate, br, zstd**Accept-Language: zh-CN,zh;q=0.9,en;q=0.8,en-GB;q=0.7,en-US;q=0.6****:48
Thu Jun 20 20:55:22 2024
 INFO: SEND:index.html:48
Thu Jun 20 20:55:22 2024
 INFO: Header:HTTP/1.1 200 OK
Server: nweb/23.0
Content-Length: 303
Connection: close
Content-Type: text/html

:48
Thu Jun 20 20:55:22 2024
 INFO: request:GET /pic.jpg HTTP/1.1**Host: localhost:8181**Connection: keep-alive**sec-ch-ua: "Not/A)Brand";v="8", "Chromium";v="126", "Microsoft Edge";v="126"**sec-ch-ua-mobile: ?0**User-Agent: Mozilla/5.0 (Windows NT 10.0; Win64; x64) AppleWebKit/537.36 (KHTML, like Gecko) Chrome/126.0.0.0 Safari/537.36 Edg/126.0.0.0**sec-ch-ua-platform: "Windows"**Accept: image/avif,image/webp,image/apng,image/svg+xml,image/*,*/*;q=0.8**Sec-Fetch-Site: same-origin**Sec-Fetch-Mode: no-cors**Sec-Fetch-Dest: image**Referer: http://localhost:8181/**Accept-Encoding: gzip, deflate, br, zstd**Accept-Language: zh-CN,zh;q=0.9,en;q=0.8,en-GB;q=0.7,en-US;q=0.6****:49
Thu Jun 20 20:55:22 2024
 INFO: SEND:pic.jpg:49
Thu Jun 20 20:55:22 2024
 INFO: Header:HTTP/1.1 200 OK
Server: nweb/23.0
Content-Length: 234411
Connection: close
Content-Type: image/jpg

:49
Thu Jun 20 20:55:22 2024
 INFO: request:GET / HTTP/1.1**Host: localhost:8181**Connection: keep-alive**Cache-Control: max-age=0**sec-ch-ua: "Not/A)Brand";v="8", "Chromium";v="126", "Microsoft Edge";v="126"**sec-ch-ua-mobile: ?0**sec-ch-ua-platform: "Windows"**Upgrade-Insecure-Requests: 1**User-Agent: Mozilla/5.0 (Windows NT 10.0; Win64; x64) AppleWebKit/537.36 (KHTML, like Gecko) Chrome/126.0.0.0 Safari/537.36 Edg/126.0.0.0**Accept: text/html,application/xhtml+xml,application/xml;q=0.9,image/avif,image/webp,image/apng,*/*;q=0.8,application/signed-exchange;v=b3;q=0.7**Sec-Fetch-Site: none**Sec-Fetch-Mode: navigate**Sec-Fetch-User: ?1**Sec-Fetch-Dest: document**Accept-Encoding: gzip, deflate, br, zstd**Accept-Language: zh-CN,zh;q=0.9,en;q=0.8,en-GB;q=0.7,en-US;q=0.6****:50
Thu Jun 20 20:55:22 2024
 INFO: SEND:index.html:50
Thu Jun 20 20:55:22 2024
 INFO: Header:HTTP/1.1 200 OK
Server: nweb/23.0
Content-Length: 303
Connection: close
Content-Type: text/html

:50
Thu Jun 20 20:55:23 2024
 INFO: request:GET /pic.jpg HTTP/1.1**Host: localhost:8181**Connection: keep-alive**sec-ch-ua: "Not/A)Brand";v="8", "Chromium";v="126", "Microsoft Edge";v="126"**sec-ch-ua-mobile: ?0**User-Agent: Mozilla/5.0 (Windows NT 10.0; Win64; x64) AppleWebKit/537.36 (KHTML, like Gecko) Chrome/126.0.0.0 Safari/537.36 Edg/126.0.0.0**sec-ch-ua-platform: "Windows"**Accept: image/avif,image/webp,image/apng,image/svg+xml,image/*,*/*;q=0.8**Sec-Fetch-Site: same-origin**Sec-Fetch-Mode: no-cors**Sec-Fetch-Dest: image**Referer: http://localhost:8181/**Accept-Encoding: gzip, deflate, br, zstd**Accept-Language: zh-CN,zh;q=0.9,en;q=0.8,en-GB;q=0.7,en-US;q=0.6****:51
Thu Jun 20 20:55:23 2024
 INFO: SEND:pic.jpg:51
Thu Jun 20 20:55:23 2024
 INFO: Header:HTTP/1.1 200 OK
Server: nweb/23.0
Content-Length: 234411
Connection: close
Content-Type: image/jpg

:51
Thu Jun 20 20:55:23 2024
 INFO: request:GET /favicon.ico HTTP/1.1**Host: localhost:8181**Connection: keep-alive**sec-ch-ua: "Not/A)Brand";v="8", "Chromium";v="126", "Microsoft Edge";v="126"**sec-ch-ua-mobile: ?0**User-Agent: Mozilla/5.0 (Windows NT 10.0; Win64; x64) AppleWebKit/537.36 (KHTML, like Gecko) Chrome/126.0.0.0 Safari/537.36 Edg/126.0.0.0**sec-ch-ua-platform: "Windows"**Accept: image/avif,image/webp,image/apng,image/svg+xml,image/*,*/*;q=0.8**Sec-Fetch-Site: same-origin**Sec-Fetch-Mode: no-cors**Sec-Fetch-Dest: image**Referer: http://localhost:8181/**Accept-Encoding: gzip, deflate, br, zstd**Accept-Language: zh-CN,zh;q=0.9,en;q=0.8,en-GB;q=0.7,en-US;q=0.6****:52
Thu Jun 20 20:55:23 2024
 INFO: SEND:favicon.ico:52
Thu Jun 20 20:55:23 2024
 INFO: Header:HTTP/1.1 200 OK
Server: nweb/23.0
Content-Length: 67646
Connection: close
Content-Type: image/ico

:52
Thu Jun 20 20:55:23 2024
 INFO: request:GET / HTTP/1.1**Host: localhost:8181**Connection: keep-alive**Cache-Control: max-age=0**sec-ch-ua: "Not/A)Brand";v="8", "Chromium";v="126", "Microsoft Edge";v="126"**sec-ch-ua-mobile: ?0**sec-ch-ua-platform: "Windows"**Upgrade-Insecure-Requests: 1**User-Agent: Mozilla/5.0 (Windows NT 10.0; Win64; x64) AppleWebKit/537.36 (KHTML, like Gecko) Chrome/126.0.0.0 Safari/537.36 Edg/126.0.0.0**Accept: text/html,application/xhtml+xml,application/xml;q=0.9,image/avif,image/webp,image/apng,*/*;q=0.8,application/signed-exchange;v=b3;q=0.7**Sec-Fetch-Site: none**Sec-Fetch-Mode: navigate**Sec-Fetch-User: ?1**Sec-Fetch-Dest: document**Accept-Encoding: gzip, deflate, br, zstd**Accept-Language: zh-CN,zh;q=0.9,en;q=0.8,en-GB;q=0.7,en-US;q=0.6****:54
Thu Jun 20 20:55:23 2024
 INFO: SEND:index.html:54
Thu Jun 20 20:55:23 2024
 INFO: Header:HTTP/1.1 200 OK
Server: nweb/23.0
Content-Length: 303
Connection: close
Content-Type: text/html

:54
Thu Jun 20 20:55:23 2024
 INFO: request:GET /pic.jpg HTTP/1.1**Host: localhost:8181**Connection: keep-alive**sec-ch-ua: "Not/A)Brand";v="8", "Chromium";v="126", "Microsoft Edge";v="126"**sec-ch-ua-mobile: ?0**User-Agent: Mozilla/5.0 (Windows NT 10.0; Win64; x64) AppleWebKit/537.36 (KHTML, like Gecko) Chrome/126.0.0.0 Safari/537.36 Edg/126.0.0.0**sec-ch-ua-platform: "Windows"**Accept: image/avif,image/webp,image/apng,image/svg+xml,image/*,*/*;q=0.8**Sec-Fetch-Site: same-origin**Sec-Fetch-Mode: no-cors**Sec-Fetch-Dest: image**Referer: http://localhost:8181/**Accept-Encoding: gzip, deflate, br, zstd**Accept-Language: zh-CN,zh;q=0.9,en;q=0.8,en-GB;q=0.7,en-US;q=0.6****:53
Thu Jun 20 20:55:23 2024
 INFO: SEND:pic.jpg:53
Thu Jun 20 20:55:23 2024
 INFO: Header:HTTP/1.1 200 OK
Server: nweb/23.0
Content-Length: 234411
Connection: close
Content-Type: image/jpg

:53
Thu Jun 20 20:55:23 2024
 INFO: request:GET / HTTP/1.1**Host: localhost:8181**Connection: keep-alive**Cache-Control: max-age=0**sec-ch-ua: "Not/A)Brand";v="8", "Chromium";v="126", "Microsoft Edge";v="126"**sec-ch-ua-mobile: ?0**sec-ch-ua-platform: "Windows"**Upgrade-Insecure-Requests: 1**User-Agent: Mozilla/5.0 (Windows NT 10.0; Win64; x64) AppleWebKit/537.36 (KHTML, like Gecko) Chrome/126.0.0.0 Safari/537.36 Edg/126.0.0.0**Accept: text/html,application/xhtml+xml,application/xml;q=0.9,image/avif,image/webp,image/apng,*/*;q=0.8,application/signed-exchange;v=b3;q=0.7**Sec-Fetch-Site: none**Sec-Fetch-Mode: navigate**Sec-Fetch-User: ?1**Sec-Fetch-Dest: document**Accept-Encoding: gzip, deflate, br, zstd**Accept-Language: zh-CN,zh;q=0.9,en;q=0.8,en-GB;q=0.7,en-US;q=0.6****:55
Thu Jun 20 20:55:23 2024
 INFO: SEND:index.html:55
Thu Jun 20 20:55:23 2024
 INFO: Header:HTTP/1.1 200 OK
Server: nweb/23.0
Content-Length: 303
Connection: close
Content-Type: text/html

:55
Thu Jun 20 20:55:23 2024
 INFO: request:GET /pic.jpg HTTP/1.1**Host: localhost:8181**Connection: keep-alive**sec-ch-ua: "Not/A)Brand";v="8", "Chromium";v="126", "Microsoft Edge";v="126"**sec-ch-ua-mobile: ?0**User-Agent: Mozilla/5.0 (Windows NT 10.0; Win64; x64) AppleWebKit/537.36 (KHTML, like Gecko) Chrome/126.0.0.0 Safari/537.36 Edg/126.0.0.0**sec-ch-ua-platform: "Windows"**Accept: image/avif,image/webp,image/apng,image/svg+xml,image/*,*/*;q=0.8**Sec-Fetch-Site: same-origin**Sec-Fetch-Mode: no-cors**Sec-Fetch-Dest: image**Referer: http://localhost:8181/**Accept-Encoding: gzip, deflate, br, zstd**Accept-Language: zh-CN,zh;q=0.9,en;q=0.8,en-GB;q=0.7,en-US;q=0.6****:56
Thu Jun 20 20:55:23 2024
 INFO: SEND:pic.jpg:56
Thu Jun 20 20:55:23 2024
 INFO: Header:HTTP/1.1 200 OK
Server: nweb/23.0
Content-Length: 234411
Connection: close
Content-Type: image/jpg

:56
Thu Jun 20 20:55:23 2024
 INFO: request:GET / HTTP/1.1**Host: localhost:8181**Connection: keep-alive**Cache-Control: max-age=0**sec-ch-ua: "Not/A)Brand";v="8", "Chromium";v="126", "Microsoft Edge";v="126"**sec-ch-ua-mobile: ?0**sec-ch-ua-platform: "Windows"**Upgrade-Insecure-Requests: 1**User-Agent: Mozilla/5.0 (Windows NT 10.0; Win64; x64) AppleWebKit/537.36 (KHTML, like Gecko) Chrome/126.0.0.0 Safari/537.36 Edg/126.0.0.0**Accept: text/html,application/xhtml+xml,application/xml;q=0.9,image/avif,image/webp,image/apng,*/*;q=0.8,application/signed-exchange;v=b3;q=0.7**Sec-Fetch-Site: none**Sec-Fetch-Mode: navigate**Sec-Fetch-User: ?1**Sec-Fetch-Dest: document**Accept-Encoding: gzip, deflate, br, zstd**Accept-Language: zh-CN,zh;q=0.9,en;q=0.8,en-GB;q=0.7,en-US;q=0.6****:57
Thu Jun 20 20:55:23 2024
 INFO: SEND:index.html:57
Thu Jun 20 20:55:23 2024
 INFO: Header:HTTP/1.1 200 OK
Server: nweb/23.0
Content-Length: 303
Connection: close
Content-Type: text/html

:57
Thu Jun 20 20:55:23 2024
 INFO: request:GET /favicon.ico HTTP/1.1**Host: localhost:8181**Connection: keep-alive**sec-ch-ua: "Not/A)Brand";v="8", "Chromium";v="126", "Microsoft Edge";v="126"**sec-ch-ua-mobile: ?0**User-Agent: Mozilla/5.0 (Windows NT 10.0; Win64; x64) AppleWebKit/537.36 (KHTML, like Gecko) Chrome/126.0.0.0 Safari/537.36 Edg/126.0.0.0**sec-ch-ua-platform: "Windows"**Accept: image/avif,image/webp,image/apng,image/svg+xml,image/*,*/*;q=0.8**Sec-Fetch-Site: same-origin**Sec-Fetch-Mode: no-cors**Sec-Fetch-Dest: image**Referer: http://localhost:8181/**Accept-Encoding: gzip, deflate, br, zstd**Accept-Language: zh-CN,zh;q=0.9,en;q=0.8,en-GB;q=0.7,en-US;q=0.6****:58
Thu Jun 20 20:55:23 2024
 INFO: SEND:favicon.ico:58
Thu Jun 20 20:55:23 2024
 INFO: Header:HTTP/1.1 200 OK
Server: nweb/23.0
Content-Length: 67646
Connection: close
Content-Type: image/ico

:58
Thu Jun 20 20:55:23 2024
 INFO: request:GET / HTTP/1.1**Host: localhost:8181**Connection: keep-alive**Cache-Control: max-age=0**sec-ch-ua: "Not/A)Brand";v="8", "Chromium";v="126", "Microsoft Edge";v="126"**sec-ch-ua-mobile: ?0**sec-ch-ua-platform: "Windows"**Upgrade-Insecure-Requests: 1**User-Agent: Mozilla/5.0 (Windows NT 10.0; Win64; x64) AppleWebKit/537.36 (KHTML, like Gecko) Chrome/126.0.0.0 Safari/537.36 Edg/126.0.0.0**Accept: text/html,application/xhtml+xml,application/xml;q=0.9,image/avif,image/webp,image/apng,*/*;q=0.8,application/signed-exchange;v=b3;q=0.7**Sec-Fetch-Site: none**Sec-Fetch-Mode: navigate**Sec-Fetch-User: ?1**Sec-Fetch-Dest: document**Accept-Encoding: gzip, deflate, br, zstd**Accept-Language: zh-CN,zh;q=0.9,en;q=0.8,en-GB;q=0.7,en-US;q=0.6****:59
Thu Jun 20 20:55:23 2024
 INFO: SEND:index.html:59
Thu Jun 20 20:55:23 2024
 INFO: Header:HTTP/1.1 200 OK
Server: nweb/23.0
Content-Length: 303
Connection: close
Content-Type: text/html

:59
Thu Jun 20 20:55:23 2024
 INFO: request:GET /pic.jpg HTTP/1.1**Host: localhost:8181**Connection: keep-alive**sec-ch-ua: "Not/A)Brand";v="8", "Chromium";v="126", "Microsoft Edge";v="126"**sec-ch-ua-mobile: ?0**User-Agent: Mozilla/5.0 (Windows NT 10.0; Win64; x64) AppleWebKit/537.36 (KHTML, like Gecko) Chrome/126.0.0.0 Safari/537.36 Edg/126.0.0.0**sec-ch-ua-platform: "Windows"**Accept: image/avif,image/webp,image/apng,image/svg+xml,image/*,*/*;q=0.8**Sec-Fetch-Site: same-origin**Sec-Fetch-Mode: no-cors**Sec-Fetch-Dest: image**Referer: http://localhost:8181/**Accept-Encoding: gzip, deflate, br, zstd**Accept-Language: zh-CN,zh;q=0.9,en;q=0.8,en-GB;q=0.7,en-US;q=0.6****:60
Thu Jun 20 20:55:23 2024
 INFO: SEND:pic.jpg:60
Thu Jun 20 20:55:23 2024
 INFO: Header:HTTP/1.1 200 OK
Server: nweb/23.0
Content-Length: 234411
Connection: close
Content-Type: image/jpg

:60
Thu Jun 20 20:55:23 2024
 INFO: request:GET /favicon.ico HTTP/1.1**Host: localhost:8181**Connection: keep-alive**sec-ch-ua: "Not/A)Brand";v="8", "Chromium";v="126", "Microsoft Edge";v="126"**sec-ch-ua-mobile: ?0**User-Agent: Mozilla/5.0 (Windows NT 10.0; Win64; x64) AppleWebKit/537.36 (KHTML, like Gecko) Chrome/126.0.0.0 Safari/537.36 Edg/126.0.0.0**sec-ch-ua-platform: "Windows"**Accept: image/avif,image/webp,image/apng,image/svg+xml,image/*,*/*;q=0.8**Sec-Fetch-Site: same-origin**Sec-Fetch-Mode: no-cors**Sec-Fetch-Dest: image**Referer: http://localhost:8181/**Accept-Encoding: gzip, deflate, br, zstd**Accept-Language: zh-CN,zh;q=0.9,en;q=0.8,en-GB;q=0.7,en-US;q=0.6****:61
Thu Jun 20 20:55:23 2024
 INFO: SEND:favicon.ico:61
Thu Jun 20 20:55:23 2024
 INFO: Header:HTTP/1.1 200 OK
Server: nweb/23.0
Content-Length: 67646
Connection: close
Content-Type: image/ico

:61
